#
# A fatal error has been detected by the Java Runtime Environment:
#
#  EXCEPTION_ACCESS_VIOLATION (0xc0000005) at pc=0x000007ffd61ef7cb, pid=4740, tid=4540
#
# JRE version: Java(TM) SE Runtime Environment (15.0.1+9) (build 15.0.1+9-18)
# Java VM: Java HotSpot(TM) 64-Bit Server VM (15.0.1+9-18, mixed mode, sharing, tiered, compressed oops, g1 gc, windows-amd64)
# Problematic frame:
# V  [jvm.dll+0x2cf7cb]
#
# No core dump will be written. Minidumps are not enabled by default on client versions of Windows
#
# If you would like to submit a bug report, please visit:
#   https://bugreport.java.com/bugreport/crash.jsp
#

---------------  S U M M A R Y ------------

Command Line: --add-opens=java.base/java.util=ALL-UNNAMED --add-opens=java.base/java.lang=ALL-UNNAMED --add-opens=java.base/java.lang.invoke=ALL-UNNAMED --add-opens=java.prefs/java.util.prefs=ALL-UNNAMED -Xmx2048m -Dfile.encoding=UTF-8 -Duser.country=GB -Duser.language=en -Duser.variant org.gradle.launcher.daemon.bootstrap.GradleDaemon 6.5

Host: AMD E-300 APU with Radeon(tm) HD Graphics, 2 cores, 5G,  Windows 8 , 64 bit Build 9200 (6.2.9200.16859)
Time: Fri Dec 18 19:54:14 2020 GMT Standard Time elapsed time: 263.117320 seconds (0d 0h 4m 23s)

---------------  T H R E A D  ---------------

Current thread (0x000000eacc4df6d0):  GCTaskThread "GC Thread#0" [stack: 0x000000eae82b0000,0x000000eae83b0000] [id=4540]

Stack: [0x000000eae82b0000,0x000000eae83b0000],  sp=0x000000eae83adc20,  free space=1015k
Native frames: (J=compiled Java code, j=interpreted, Vv=VM code, C=native code)
V  [jvm.dll+0x2cf7cb]
V  [jvm.dll+0x2cf24e]
V  [jvm.dll+0x2e1dd2]
V  [jvm.dll+0x61a319]
V  [jvm.dll+0x294454]
V  [jvm.dll+0x293d00]
V  [jvm.dll+0x742617]
V  [jvm.dll+0x742a6e]
V  [jvm.dll+0x2e20ec]
V  [jvm.dll+0x2e1f58]
V  [jvm.dll+0x2aad64]
V  [jvm.dll+0x2accfd]
V  [jvm.dll+0x7adba0]
V  [jvm.dll+0x73d65a]
V  [jvm.dll+0x629c56]
C  [ucrtbase.DLL+0x1d912]
C  [KERNEL32.DLL+0x1842]
C  [ntdll.dll+0x3df11]

JavaThread 0x000000eaeeed8260 (nid = 2240) was being processed
Java frames: (J=compiled Java code, j=interpreted, Vv=VM code)
J 1854  jdk.internal.misc.Unsafe.park(ZJ)V java.base@15.0.1 (0 bytes) @ 0x000000eadc23a86b [0x000000eadc23a820+0x000000000000004b]
j  java.util.concurrent.locks.LockSupport.park()V+5 java.base@15.0.1
j  java.util.concurrent.locks.AbstractQueuedSynchronizer$ConditionNode.block()Z+7 java.base@15.0.1
j  java.util.concurrent.ForkJoinPool.managedBlock(Ljava/util/concurrent/ForkJoinPool$ManagedBlocker;)V+149 java.base@15.0.1
J 10491 c1 java.util.concurrent.locks.AbstractQueuedSynchronizer$ConditionObject.await()V java.base@15.0.1 (159 bytes) @ 0x000000ead5eea65c [0x000000ead5ee9ea0+0x00000000000007bc]
j  java.util.concurrent.ArrayBlockingQueue.take()Ljava/lang/Object;+20 java.base@15.0.1
j  org.gradle.cache.internal.CacheAccessWorker.takeFromQueue()Ljava/lang/Runnable;+4
j  org.gradle.cache.internal.CacheAccessWorker.run()V+17
J 9486 c1 org.gradle.internal.concurrent.ExecutorPolicy$CatchAndRecordFailures.onExecute(Ljava/lang/Runnable;)V (29 bytes) @ 0x000000ead5cfa9fc [0x000000ead5cfa8e0+0x000000000000011c]
J 4746 c1 org.gradle.internal.concurrent.ManagedExecutorImpl$1.run()V (59 bytes) @ 0x000000ead556963c [0x000000ead5569480+0x00000000000001bc]
j  java.util.concurrent.ThreadPoolExecutor.runWorker(Ljava/util/concurrent/ThreadPoolExecutor$Worker;)V+92 java.base@15.0.1
j  java.util.concurrent.ThreadPoolExecutor$Worker.run()V+5 java.base@15.0.1
j  org.gradle.internal.concurrent.ThreadFactoryImpl$ManagedThreadRunnable.run()V+7
j  java.lang.Thread.run()V+11 java.base@15.0.1
v  ~StubRoutines::call_stub

siginfo: EXCEPTION_ACCESS_VIOLATION (0xc0000005), reading address 0x0000000000000002


Register to memory mapping:

RIP=0x000007ffd61ef7cb jvm.dll
RAX=0x000000eacc4dce00 points into unknown readable memory: 0x0000000000000000 | 00 00 00 00 00 00 00 00
RBX=0x0000000086f1c375 is pointing into object: [Ljava.util.concurrent.ConcurrentHashMap$Node; 
{0x0000000086f1c350} - klass: 'java/util/concurrent/ConcurrentHashMap$Node'[]
 - length: 16
RCX=0x0 is NULL
RDX=0x0 is NULL
RSP=0x000000eae83adc20 points into unknown readable memory: 0x0000000800b8f600 | 00 f6 b8 00 08 00 00 00
RBP=0x000000eaf0d7a4e0 points into unknown readable memory: 0x000007ffd67aa628 | 28 a6 7a d6 ff 07 00 00
RSI=0x000000000000a855 is an unknown value
RDI=0x0000000086f1c374 is pointing into object: [Ljava.util.concurrent.ConcurrentHashMap$Node; 
{0x0000000086f1c350} - klass: 'java/util/concurrent/ConcurrentHashMap$Node'[]
 - length: 16
R8 =0x0000000086f1c3a0 is an oop: java.util.concurrent.ConcurrentHashMap$Node 
{0x0000000086f1c3a0} - klass: 'java/util/concurrent/ConcurrentHashMap$Node'
R9 =0x0000000081ee0ac8 is an oop: org.gradle.api.attributes.Attribute 
{0x0000000081ee0ac8} - klass: 'org/gradle/api/attributes/Attribute'
R10=0x0000000000000002 is an unknown value
R11=0x0000000086f1c350 is an oop: [Ljava.util.concurrent.ConcurrentHashMap$Node; 
{0x0000000086f1c350} - klass: 'java/util/concurrent/ConcurrentHashMap$Node'[]
 - length: 16
R12=0x0000000000000040 is an unknown value
R13=0x0 is NULL
R14=0x000000eacc4ba430 points into unknown readable memory: 0x0000065f00000dae | ae 0d 00 00 5f 06 00 00
R15=0x0000000000000dae is an unknown value


Registers:
RAX=0x000000eacc4dce00, RBX=0x0000000086f1c375, RCX=0x0000000000000000, RDX=0x0000000000000000
RSP=0x000000eae83adc20, RBP=0x000000eaf0d7a4e0, RSI=0x000000000000a855, RDI=0x0000000086f1c374
R8 =0x0000000086f1c3a0, R9 =0x0000000081ee0ac8, R10=0x0000000000000002, R11=0x0000000086f1c350
R12=0x0000000000000040, R13=0x0000000000000000, R14=0x000000eacc4ba430, R15=0x0000000000000dae
RIP=0x000007ffd61ef7cb, EFLAGS=0x0000000000010246

Top of Stack: (sp=0x000000eae83adc20)
0x000000eae83adc20:   0000000800b8f600 000000eaf0d70001
0x000000eae83adc30:   000000000000a855 0000000086f119c8
0x000000eae83adc40:   000000eae83adcd0 000007ffd6544a3f
0x000000eae83adc50:   0000000000000011 0000000000000001
0x000000eae83adc60:   000000eaf0d7a4e0 000000000000a855
0x000000eae83adc70:   0000000000000008 000000eae83ade10
0x000000eae83adc80:   000000eae83ade60 000000000000005c
0x000000eae83adc90:   0000000000000000 0000000000000008
0x000000eae83adca0:   000000eaf0d7a4e0 000007ffd61ef24e
0x000000eae83adcb0:   0000000000000b4c 000000ea00000000
0x000000eae83adcc0:   000000eae83ade10 0000000000000008
0x000000eae83adcd0:   0000000013dc56e5 0000000000000000
0x000000eae83adce0:   000000eaf332f410 0000000000000008
0x000000eae83adcf0:   000000eaf332f410 000007ffd6201dd2
0x000000eae83add00:   000000eaf6f99f78 0000000000000001
0x000000eae83add10:   000000000000a855 000000000000005c 

Instructions: (pc=0x000007ffd61ef7cb)
0x000007ffd61ef6cb:   00 00 00 00 00 48 8b 5d 10 44 8b bb 80 00 00 00
0x000007ffd61ef6db:   4c 8d b3 00 01 00 00 41 8b 06 41 8b cf 2b c8 81
0x000007ffd61ef6eb:   e1 ff ff 01 00 41 3b cc 0f 86 d2 03 00 00 41 ff
0x000007ffd61ef6fb:   cf 41 81 e7 ff ff 01 00 44 89 bb 80 00 00 00 e8
0x000007ffd61ef70b:   e1 d0 34 00 41 8b 06 41 8b cf 48 8b 9b 80 01 00
0x000007ffd61ef71b:   00 2b c8 81 e1 ff ff 01 00 81 f9 ff ff 01 00 4a
0x000007ffd61ef72b:   8b 1c fb 41 0f 44 cd 85 c9 75 46 49 8b 06 48 8b
0x000007ffd61ef73b:   f8 48 89 44 24 28 48 c1 e8 20 ff c0 44 89 7c 24
0x000007ffd61ef74b:   20 89 44 24 24 48 8b 74 24 20 44 3b ff 0f 85 67
0x000007ffd61ef75b:   03 00 00 48 8b 05 33 5c 74 00 4c 8b c7 49 8b d6
0x000007ffd61ef76b:   48 8b ce ff d0 48 3b c7 0f 85 4c 03 00 00 41 8b
0x000007ffd61ef77b:   06 f6 c3 01 0f 84 45 01 00 00 8b 0d 85 c2 72 00
0x000007ffd61ef78b:   48 8d 7b ff 48 8b 45 08 44 8b 17 49 d3 e2 4c 03
0x000007ffd61ef79b:   15 68 c2 72 00 8b 88 48 04 00 00 49 8b d2 48 8b
0x000007ffd61ef7ab:   80 38 04 00 00 48 d3 ea 0f b7 0c 50 66 89 8c 24
0x000007ffd61ef7bb:   98 00 00 00 66 c1 e9 08 84 c9 0f 88 05 ff ff ff
0x000007ffd61ef7cb:   4d 8b 02 41 0f b6 c0 24 03 3c 03 75 1e 44 38 2d
0x000007ffd61ef7db:   63 38 7b 00 74 0f 41 0f b6 c0 24 07 3c 05 75 05
0x000007ffd61ef7eb:   4d 8b c5 eb 1f 49 83 e0 fc eb 19 0f b7 94 24 98
0x000007ffd61ef7fb:   00 00 00 4d 8b c8 4d 8b c2 48 8b cd e8 74 1d 00
0x000007ffd61ef80b:   00 4c 8b c0 8b 0d fb c1 72 00 49 8b d0 48 2b 15
0x000007ffd61ef81b:   e9 c1 72 00 48 d3 ea 89 17 49 8b d0 8b 0d b3 41
0x000007ffd61ef82b:   7b 00 48 33 d7 48 d3 ea 48 85 d2 0f 84 94 fe ff
0x000007ffd61ef83b:   ff 48 8b 45 08 48 8b d7 48 8b 80 00 01 00 00 8b
0x000007ffd61ef84b:   48 68 48 8b 40 58 48 d3 ea 48 8b 0c d0 8b 81 cc
0x000007ffd61ef85b:   00 00 00 d1 e8 a8 01 0f 85 68 fe ff ff 48 8b 45
0x000007ffd61ef86b:   08 8b 88 48 04 00 00 48 8b 80 38 04 00 00 49 d3
0x000007ffd61ef87b:   e8 46 38 2c 40 0f 84 4a fe ff ff 48 8b 85 80 00
0x000007ffd61ef88b:   00 00 48 c1 ef 09 48 8b 58 48 48 8b 50 40 48 03
0x000007ffd61ef89b:   df 48 2b da 48 39 9d d0 01 00 00 0f 84 24 fe ff
0x000007ffd61ef8ab:   ff 44 38 6d 28 48 8d 4d 18 74 08 48 03 d3 e8 a2
0x000007ffd61ef8bb:   e9 39 00 48 89 9d d0 01 00 00 e9 06 fe ff ff f6 


Stack slot to memory mapping:
stack at sp + 0 slots: 0x0000000800b8f600 is pointing into metadata
stack at sp + 1 slots: 0x000000eaf0d70001 points into unknown readable memory: 00 45 14 21 00 5b 4c
stack at sp + 2 slots: 0x000000000000a855 is an unknown value
stack at sp + 3 slots: 0x0000000086f119c8 is an oop: java.util.concurrent.ThreadPoolExecutor 
{0x0000000086f119c8} - klass: 'java/util/concurrent/ThreadPoolExecutor'
stack at sp + 4 slots: 0x000000eae83adcd0 points into unknown readable memory: 0x0000000013dc56e5 | e5 56 dc 13 00 00 00 00
stack at sp + 5 slots: 0x000007ffd6544a3f jvm.dll
stack at sp + 6 slots: 0x0000000000000011 is an unknown value
stack at sp + 7 slots: 0x0000000000000001 is an unknown value


---------------  P R O C E S S  ---------------

Threads class SMR info:
_java_thread_list=0x000000eaf136d750, length=162, elements={
0x000000eacc4a12e0, 0x000000eaeab60270, 0x000000eaeab60d20, 0x000000eaeab74230,
0x000000eaeab74af0, 0x000000eaeab787b0, 0x000000eaeab84b40, 0x000000eaeab876e0,
0x000000eaeab909a0, 0x000000eaec1273c0, 0x000000eaec168f10, 0x000000eaedf06810,
0x000000eaed34f780, 0x000000eaede162f0, 0x000000eaede690d0, 0x000000eaede5b8c0,
0x000000eaecfd7070, 0x000000eaecfd6200, 0x000000eaecfd66d0, 0x000000eaeeed5be0,
0x000000eaeeed6f20, 0x000000eaed58ae40, 0x000000eaed587950, 0x000000eaee811ed0,
0x000000eaed586ae0, 0x000000eaed58b310, 0x000000eaed586fb0, 0x000000eaed586610,
0x000000eaed5887c0, 0x000000eaed589630, 0x000000eaeeed78c0, 0x000000eaeeed7d90,
0x000000eaeeed8260, 0x000000eaed541a00, 0x000000eaee811530, 0x000000eaecfd6ba0,
0x000000eaf64cf970, 0x000000eaf64cbfb0, 0x000000eaf64ceb00, 0x000000eaf64cefd0,
0x000000eaf64cd2f0, 0x000000eaf64cc480, 0x000000eaf64cce20, 0x000000eaf64cc950,
0x000000eaf64cd7c0, 0x000000eaf64cf4a0, 0x000000eaf64cdc90, 0x000000eaf64ce160,
0x000000eaf64ce630, 0x000000eaf3fbdba0, 0x000000eaf3fbe540, 0x000000eaf3fbcd30,
0x000000eaf3fbb050, 0x000000eaf3fbea10, 0x000000eaf3fbc390, 0x000000eaf3fbd6d0,
0x000000eaf3fbd200, 0x000000eaf3fbb520, 0x000000eaf3fbb9f0, 0x000000eaf3fbbec0,
0x000000eaf3fbc860, 0x000000eaf3fbe070, 0x000000eaed7743c0, 0x000000eaed773ef0,
0x000000eaed771d40, 0x000000eaed770ed0, 0x000000eaed773080, 0x000000eaed772210,
0x000000eaed774890, 0x000000eaed7713a0, 0x000000eaed771870, 0x000000eaed7726e0,
0x000000eaed772bb0, 0x000000eaed773550, 0x000000eaed773a20, 0x000000eaf43e5550,
0x000000eaf43e2060, 0x000000eaf43e4bb0, 0x000000eaf43e46e0, 0x000000eaf43e4210,
0x000000eaf43e2ed0, 0x000000eaf43e5a20, 0x000000eaf43e2530, 0x000000eaf43e2a00,
0x000000eaf43e5080, 0x000000eaf43e33a0, 0x000000eaf43e3870, 0x000000eaf43e3d40,
0x000000eaf137a060, 0x000000eaf137b870, 0x000000eaf137d550, 0x000000eaf137da20,
0x000000eaf137bd40, 0x000000eaf137a530, 0x000000eaf137aa00, 0x000000eaf137aed0,
0x000000eaf137b3a0, 0x000000eaf137cbb0, 0x000000eaf137c210, 0x000000eaf137c6e0,
0x000000eaf137d080, 0x000000eaf1104a60, 0x000000eaf1105400, 0x000000eaf1104f30,
0x000000eaf1105da0, 0x000000eaf1102d80, 0x000000eaf1103bf0, 0x000000eaf1106740,
0x000000eaf1101570, 0x000000eaf1101a40, 0x000000eaf1108420, 0x000000eaf1106270,
0x000000eaf11040c0, 0x000000eaf1106c10, 0x000000eaf11058d0, 0x000000eaf11070e0,
0x000000eaf1101f10, 0x000000eaf11075b0, 0x000000eaf11023e0, 0x000000eaf1107a80,
0x000000eaf1107f50, 0x000000eaf11088f0, 0x000000eaf1108dc0, 0x000000eaf1104590,
0x000000eaf11028b0, 0x000000eaf1103250, 0x000000eaf1103720, 0x000000eaedac09f0,
0x000000eaedac26d0, 0x000000eaedac0ec0, 0x000000eaedac56f0, 0x000000eaedac0520,
0x000000eaedac1d30, 0x000000eaedac0050, 0x000000eaedac1390, 0x000000eaedac3a10,
0x000000eaedac3540, 0x000000eaedac4d50, 0x000000eaedac43b0, 0x000000eaedabed10,
0x000000eaedac2200, 0x000000eaedabe840, 0x000000eaedac1860, 0x000000eaedac3ee0,
0x000000eaedac5220, 0x000000eaedabe370, 0x000000eaedabdea0, 0x000000eaedac2ba0,
0x000000eaedac3070, 0x000000eaedac4880, 0x000000eaedabf1e0, 0x000000eaedabfb80,
0x000000eaedc96ce0, 0x000000eaedc93cc0, 0x000000eaedc937f0, 0x000000eaedc96340,
0x000000eaedc92e50, 0x000000eaedc93320, 0x000000eaedc91b10, 0x000000eaedc94190,
0x000000eaedc97680, 0x000000eaedc91fe0
}

Java Threads: ( => current thread )
  0x000000eacc4a12e0 JavaThread "main" [_thread_blocked, id=4320, stack(0x000000eacbb50000,0x000000eacbc50000)]
  0x000000eaeab60270 JavaThread "Reference Handler" daemon [_thread_blocked, id=4456, stack(0x000000eaeb4e0000,0x000000eaeb5e0000)]
  0x000000eaeab60d20 JavaThread "Finalizer" daemon [_thread_blocked, id=5412, stack(0x000000eaeb5e0000,0x000000eaeb6e0000)]
  0x000000eaeab74230 JavaThread "Signal Dispatcher" daemon [_thread_blocked, id=6004, stack(0x000000eaeba60000,0x000000eaebb60000)]
  0x000000eaeab74af0 JavaThread "Attach Listener" daemon [_thread_blocked, id=4644, stack(0x000000eaebb60000,0x000000eaebc60000)]
  0x000000eaeab787b0 JavaThread "Service Thread" daemon [_thread_blocked, id=4412, stack(0x000000eaebc60000,0x000000eaebd60000)]
  0x000000eaeab84b40 JavaThread "C2 CompilerThread0" daemon [_thread_blocked, id=3068, stack(0x000000eaebd60000,0x000000eaebe60000)]
  0x000000eaeab876e0 JavaThread "C1 CompilerThread0" daemon [_thread_blocked, id=92, stack(0x000000eaebe60000,0x000000eaebf60000)]
  0x000000eaeab909a0 JavaThread "Sweeper thread" daemon [_thread_blocked, id=2356, stack(0x000000eaebf60000,0x000000eaec060000)]
  0x000000eaec1273c0 JavaThread "Common-Cleaner" daemon [_thread_blocked, id=5516, stack(0x000000eaec460000,0x000000eaec560000)]
  0x000000eaec168f10 JavaThread "Notification Thread" daemon [_thread_blocked, id=4172, stack(0x000000eaec560000,0x000000eaec660000)]
  0x000000eaedf06810 JavaThread "Daemon health stats" [_thread_blocked, id=4340, stack(0x000000eaef000000,0x000000eaef100000)]
  0x000000eaed34f780 JavaThread "Incoming local TCP Connector on port 62169" [_thread_in_native, id=2860, stack(0x000000eaef300000,0x000000eaef400000)]
  0x000000eaede162f0 JavaThread "Daemon periodic checks" [_thread_blocked, id=5748, stack(0x000000eaef400000,0x000000eaef500000)]
  0x000000eaede690d0 JavaThread "Daemon" [_thread_blocked, id=3864, stack(0x000000eaef500000,0x000000eaef600000)]
  0x000000eaede5b8c0 JavaThread "Daemon worker" [_thread_blocked, id=4816, stack(0x000000eaef800000,0x000000eaef900000)]
  0x000000eaecfd7070 JavaThread "Cache worker for journal cache (C:\Users\SAMUEL\.gradle\caches\journal-1)" [_thread_blocked, id=1524, stack(0x000000eaeff00000,0x000000eaf0000000)]
  0x000000eaecfd6200 JavaThread "File lock request listener" [_thread_in_native, id=6056, stack(0x000000eaf0000000,0x000000eaf0100000)]
  0x000000eaecfd66d0 JavaThread "Cache worker for file hash cache (C:\Users\SAMUEL\.gradle\caches\6.5\fileHashes)" [_thread_blocked, id=5908, stack(0x000000eaf0300000,0x000000eaf0400000)]
  0x000000eaeeed5be0 JavaThread "Cache worker for execution history cache (C:\Users\SAMUEL\.gradle\caches\6.5\executionHistory)" [_thread_blocked, id=1640, stack(0x000000eaf2130000,0x000000eaf2230000)]
  0x000000eaeeed6f20 JavaThread "Cache worker for file content cache (C:\Users\SAMUEL\.gradle\caches\6.5\fileContent)" [_thread_blocked, id=2332, stack(0x000000eaf2b30000,0x000000eaf2c30000)]
  0x000000eaed58ae40 JavaThread "Memory manager" [_thread_blocked, id=4824, stack(0x000000eaf2630000,0x000000eaf2730000)]
  0x000000eaed587950 JavaThread "ForkJoinPool.commonPool-worker-3" daemon [_thread_blocked, id=5184, stack(0x000000eaf4e50000,0x000000eaf4f50000)]
  0x000000eaee811ed0 JavaThread "Cache worker for Java compile cache (C:\Users\SAMUEL\.gradle\caches\6.5\javaCompile)" [_thread_blocked, id=3748, stack(0x000000eaf5750000,0x000000eaf5850000)]
  0x000000eaed586ae0 JavaThread "Handler for socket connection from /127.0.0.1:62169 to /127.0.0.1:62270" [_thread_in_native, id=5956, stack(0x000000eaef100000,0x000000eaef200000)]
  0x000000eaed58b310 JavaThread "Cancel handler" [_thread_blocked, id=1376, stack(0x000000eaefa00000,0x000000eaefb00000)]
  0x000000eaed586fb0 JavaThread "Asynchronous log dispatcher for DefaultDaemonConnection: socket connection from /127.0.0.1:62169 to /127.0.0.1:62270" [_thread_blocked, id=1384, stack(0x000000eaefb00000,0x000000eaefc00000)]
  0x000000eaed586610 JavaThread "Stdin handler" [_thread_blocked, id=1832, stack(0x000000eaefc00000,0x000000eaefd00000)]
  0x000000eaed5887c0 JavaThread "Thread-156" [_thread_blocked, id=5300, stack(0x000000eaf0600000,0x000000eaf0700000)]
  0x000000eaed589630 JavaThread "Cache worker for file hash cache (C:\Users\SAMUEL\Documents\LokdonEncryptionModule\.gradle\6.5\fileHashes)" [_thread_blocked, id=3520, stack(0x000000eaf1b00000,0x000000eaf1c00000)]
  0x000000eaeeed78c0 JavaThread "Cache worker for checksums cache (C:\Users\SAMUEL\Documents\LokdonEncryptionModule\.gradle\checksums)" [_thread_blocked, id=4856, stack(0x000000eaf1c00000,0x000000eaf1d00000)]
  0x000000eaeeed7d90 JavaThread "Cache worker for cache directory md-supplier (C:\Users\SAMUEL\.gradle\caches\6.5\md-supplier)" [_thread_blocked, id=1816, stack(0x000000eaf1d00000,0x000000eaf1e00000)]
  0x000000eaeeed8260 JavaThread "Cache worker for cache directory md-rule (C:\Users\SAMUEL\.gradle\caches\6.5\md-rule)" [_thread_blocked, id=2240, stack(0x000000eaf3230000,0x000000eaf3330000)]
  0x000000eaed541a00 JavaThread "Build operations" [_thread_blocked, id=6140, stack(0x000000eaf3330000,0x000000eaf3430000)]
  0x000000eaee811530 JavaThread "Build operations Thread 2" [_thread_blocked, id=5296, stack(0x000000eaf3630000,0x000000eaf3730000)]
  0x000000eaecfd6ba0 JavaThread "jar transforms Thread 124" [_thread_blocked, id=5944, stack(0x000000eaf4950000,0x000000eaf4a50000)]
  0x000000eaf64cf970 JavaThread "jar transforms Thread 125" [_thread_blocked, id=608, stack(0x000000eaf4c50000,0x000000eaf4d50000)]
  0x000000eaf64cbfb0 JavaThread "jar transforms Thread 126" [_thread_blocked, id=4872, stack(0x000000eaf4d50000,0x000000eaf4e50000)]
  0x000000eaf64ceb00 JavaThread "jar transforms Thread 127" [_thread_blocked, id=4524, stack(0x000000eaf5850000,0x000000eaf5950000)]
  0x000000eaf64cefd0 JavaThread "jar transforms Thread 128" [_thread_blocked, id=896, stack(0x000000eaf8720000,0x000000eaf8820000)]
  0x000000eaf64cd2f0 JavaThread "jar transforms Thread 129" [_thread_blocked, id=1500, stack(0x000000eaf8820000,0x000000eaf8920000)]
  0x000000eaf64cc480 JavaThread "jar transforms Thread 130" [_thread_blocked, id=6064, stack(0x000000eaf8920000,0x000000eaf8a20000)]
  0x000000eaf64cce20 JavaThread "jar transforms Thread 131" [_thread_blocked, id=5280, stack(0x000000eaf8a20000,0x000000eaf8b20000)]
  0x000000eaf64cc950 JavaThread "jar transforms Thread 132" [_thread_blocked, id=5232, stack(0x000000eaf8b20000,0x000000eaf8c20000)]
  0x000000eaf64cd7c0 JavaThread "jar transforms Thread 133" [_thread_blocked, id=5900, stack(0x000000eaf8c20000,0x000000eaf8d20000)]
  0x000000eaf64cf4a0 JavaThread "jar transforms Thread 134" [_thread_blocked, id=4960, stack(0x000000eaf8d20000,0x000000eaf8e20000)]
  0x000000eaf64cdc90 JavaThread "jar transforms Thread 135" [_thread_blocked, id=196, stack(0x000000eaf8e20000,0x000000eaf8f20000)]
  0x000000eaf64ce160 JavaThread "jar transforms Thread 136" [_thread_blocked, id=2716, stack(0x000000eaf8f20000,0x000000eaf9020000)]
  0x000000eaf64ce630 JavaThread "jar transforms Thread 137" [_thread_blocked, id=6076, stack(0x000000eaf9020000,0x000000eaf9120000)]
  0x000000eaf3fbdba0 JavaThread "jar transforms Thread 138" [_thread_blocked, id=4228, stack(0x000000eaf9120000,0x000000eaf9220000)]
  0x000000eaf3fbe540 JavaThread "jar transforms Thread 139" [_thread_blocked, id=5020, stack(0x000000eaf9220000,0x000000eaf9320000)]
  0x000000eaf3fbcd30 JavaThread "jar transforms Thread 140" [_thread_blocked, id=2104, stack(0x000000eaf9320000,0x000000eaf9420000)]
  0x000000eaf3fbb050 JavaThread "jar transforms Thread 141" [_thread_blocked, id=5416, stack(0x000000eaf9420000,0x000000eaf9520000)]
  0x000000eaf3fbea10 JavaThread "jar transforms Thread 142" [_thread_blocked, id=4408, stack(0x000000eaf9520000,0x000000eaf9620000)]
  0x000000eaf3fbc390 JavaThread "jar transforms Thread 143" [_thread_blocked, id=5192, stack(0x000000eaf9620000,0x000000eaf9720000)]
  0x000000eaf3fbd6d0 JavaThread "jar transforms Thread 144" [_thread_blocked, id=5472, stack(0x000000eaf9720000,0x000000eaf9820000)]
  0x000000eaf3fbd200 JavaThread "jar transforms Thread 145" [_thread_blocked, id=3260, stack(0x000000eaf9820000,0x000000eaf9920000)]
  0x000000eaf3fbb520 JavaThread "jar transforms Thread 146" [_thread_blocked, id=1700, stack(0x000000eaf9920000,0x000000eaf9a20000)]
  0x000000eaf3fbb9f0 JavaThread "jar transforms Thread 147" [_thread_blocked, id=1904, stack(0x000000eaf9a20000,0x000000eaf9b20000)]
  0x000000eaf3fbbec0 JavaThread "jar transforms Thread 148" [_thread_blocked, id=4136, stack(0x000000eaf9b20000,0x000000eaf9c20000)]
  0x000000eaf3fbc860 JavaThread "jar transforms Thread 149" [_thread_blocked, id=4572, stack(0x000000eaf9c20000,0x000000eaf9d20000)]
  0x000000eaf3fbe070 JavaThread "jar transforms Thread 150" [_thread_blocked, id=5716, stack(0x000000eaf9d20000,0x000000eaf9e20000)]
  0x000000eaed7743c0 JavaThread "jar transforms Thread 151" [_thread_blocked, id=5348, stack(0x000000eaf9e20000,0x000000eaf9f20000)]
  0x000000eaed773ef0 JavaThread "jar transforms Thread 152" [_thread_blocked, id=5488, stack(0x000000eaf9f20000,0x000000eafa020000)]
  0x000000eaed771d40 JavaThread "jar transforms Thread 153" [_thread_blocked, id=2580, stack(0x000000eafa020000,0x000000eafa120000)]
  0x000000eaed770ed0 JavaThread "jar transforms Thread 154" [_thread_blocked, id=2036, stack(0x000000eafa120000,0x000000eafa220000)]
  0x000000eaed773080 JavaThread "jar transforms Thread 155" [_thread_blocked, id=5292, stack(0x000000eafa220000,0x000000eafa320000)]
  0x000000eaed772210 JavaThread "jar transforms Thread 156" [_thread_blocked, id=6008, stack(0x000000eafa320000,0x000000eafa420000)]
  0x000000eaed774890 JavaThread "jar transforms Thread 157" [_thread_blocked, id=2456, stack(0x000000eafa420000,0x000000eafa520000)]
  0x000000eaed7713a0 JavaThread "jar transforms Thread 158" [_thread_blocked, id=5812, stack(0x000000eafa520000,0x000000eafa620000)]
  0x000000eaed771870 JavaThread "jar transforms Thread 159" [_thread_blocked, id=3172, stack(0x000000eafa620000,0x000000eafa720000)]
  0x000000eaed7726e0 JavaThread "jar transforms Thread 160" [_thread_blocked, id=3984, stack(0x000000eafa720000,0x000000eafa820000)]
  0x000000eaed772bb0 JavaThread "jar transforms Thread 161" [_thread_blocked, id=3972, stack(0x000000eafa820000,0x000000eafa920000)]
  0x000000eaed773550 JavaThread "jar transforms Thread 162" [_thread_blocked, id=5628, stack(0x000000eafa920000,0x000000eafaa20000)]
  0x000000eaed773a20 JavaThread "jar transforms Thread 163" [_thread_blocked, id=3664, stack(0x000000eafaa20000,0x000000eafab20000)]
  0x000000eaf43e5550 JavaThread "jar transforms Thread 164" [_thread_blocked, id=4216, stack(0x000000eafab20000,0x000000eafac20000)]
  0x000000eaf43e2060 JavaThread "jar transforms Thread 165" [_thread_blocked, id=60, stack(0x000000eafac20000,0x000000eafad20000)]
  0x000000eaf43e4bb0 JavaThread "jar transforms Thread 166" [_thread_blocked, id=5964, stack(0x000000eafad20000,0x000000eafae20000)]
  0x000000eaf43e46e0 JavaThread "jar transforms Thread 167" [_thread_blocked, id=5612, stack(0x000000eafae20000,0x000000eafaf20000)]
  0x000000eaf43e4210 JavaThread "jar transforms Thread 168" [_thread_blocked, id=5100, stack(0x000000eafaf20000,0x000000eafb020000)]
  0x000000eaf43e2ed0 JavaThread "jar transforms Thread 169" [_thread_blocked, id=5176, stack(0x000000eafb020000,0x000000eafb120000)]
  0x000000eaf43e5a20 JavaThread "jar transforms Thread 170" [_thread_blocked, id=1800, stack(0x000000eafb120000,0x000000eafb220000)]
  0x000000eaf43e2530 JavaThread "jar transforms Thread 171" [_thread_blocked, id=5580, stack(0x000000eafb220000,0x000000eafb320000)]
  0x000000eaf43e2a00 JavaThread "jar transforms Thread 172" [_thread_blocked, id=3508, stack(0x000000eafb320000,0x000000eafb420000)]
  0x000000eaf43e5080 JavaThread "jar transforms Thread 173" [_thread_blocked, id=5172, stack(0x000000eafb420000,0x000000eafb520000)]
  0x000000eaf43e33a0 JavaThread "jar transforms Thread 174" [_thread_blocked, id=4116, stack(0x000000eafb520000,0x000000eafb620000)]
  0x000000eaf43e3870 JavaThread "jar transforms Thread 175" [_thread_blocked, id=4752, stack(0x000000eafb620000,0x000000eafb720000)]
  0x000000eaf43e3d40 JavaThread "jar transforms Thread 176" [_thread_blocked, id=5228, stack(0x000000eafb720000,0x000000eafb820000)]
  0x000000eaf137a060 JavaThread "jar transforms Thread 177" [_thread_blocked, id=3276, stack(0x000000eafb820000,0x000000eafb920000)]
  0x000000eaf137b870 JavaThread "jar transforms Thread 178" [_thread_blocked, id=4164, stack(0x000000eafb920000,0x000000eafba20000)]
  0x000000eaf137d550 JavaThread "jar transforms Thread 179" [_thread_blocked, id=4684, stack(0x000000eafba20000,0x000000eafbb20000)]
  0x000000eaf137da20 JavaThread "jar transforms Thread 180" [_thread_blocked, id=5452, stack(0x000000eafbb20000,0x000000eafbc20000)]
  0x000000eaf137bd40 JavaThread "jar transforms Thread 181" [_thread_blocked, id=5876, stack(0x000000eafbc20000,0x000000eafbd20000)]
  0x000000eaf137a530 JavaThread "jar transforms Thread 182" [_thread_blocked, id=5920, stack(0x000000eafbd20000,0x000000eafbe20000)]
  0x000000eaf137aa00 JavaThread "jar transforms Thread 183" [_thread_blocked, id=2652, stack(0x000000eafc2d0000,0x000000eafc3d0000)]
  0x000000eaf137aed0 JavaThread "jar transforms Thread 184" [_thread_blocked, id=5376, stack(0x000000eafc7d0000,0x000000eafc8d0000)]
  0x000000eaf137b3a0 JavaThread "jar transforms Thread 185" [_thread_blocked, id=5572, stack(0x000000eafd6d0000,0x000000eafd7d0000)]
  0x000000eaf137cbb0 JavaThread "jar transforms Thread 186" [_thread_blocked, id=612, stack(0x000000eafd7d0000,0x000000eafd8d0000)]
  0x000000eaf137c210 JavaThread "jar transforms Thread 187" [_thread_blocked, id=4660, stack(0x000000eafe920000,0x000000eafea20000)]
  0x000000eaf137c6e0 JavaThread "jar transforms Thread 188" [_thread_blocked, id=5492, stack(0x000000eafea20000,0x000000eafeb20000)]
  0x000000eaf137d080 JavaThread "jar transforms Thread 189" [_thread_blocked, id=4500, stack(0x000000eafeb20000,0x000000eafec20000)]
  0x000000eaf1104a60 JavaThread "jar transforms Thread 190" [_thread_blocked, id=3424, stack(0x000000eafec20000,0x000000eafed20000)]
  0x000000eaf1105400 JavaThread "jar transforms Thread 191" [_thread_blocked, id=4764, stack(0x000000eafed20000,0x000000eafee20000)]
  0x000000eaf1104f30 JavaThread "jar transforms Thread 192" [_thread_blocked, id=5696, stack(0x000000eafee20000,0x000000eafef20000)]
  0x000000eaf1105da0 JavaThread "jar transforms Thread 193" [_thread_blocked, id=4768, stack(0x000000eafef20000,0x000000eaff020000)]
  0x000000eaf1102d80 JavaThread "jar transforms Thread 194" [_thread_blocked, id=1772, stack(0x000000eaff020000,0x000000eaff120000)]
  0x000000eaf1103bf0 JavaThread "jar transforms Thread 195" [_thread_blocked, id=5732, stack(0x000000eaff120000,0x000000eaff220000)]
  0x000000eaf1106740 JavaThread "jar transforms Thread 196" [_thread_blocked, id=3016, stack(0x000000eaff220000,0x000000eaff320000)]
  0x000000eaf1101570 JavaThread "jar transforms Thread 197" [_thread_blocked, id=5960, stack(0x000000eaff320000,0x000000eaff420000)]
  0x000000eaf1101a40 JavaThread "jar transforms Thread 198" [_thread_blocked, id=5236, stack(0x000000eaff420000,0x000000eaff520000)]
  0x000000eaf1108420 JavaThread "jar transforms Thread 199" [_thread_blocked, id=5704, stack(0x000000eaff520000,0x000000eaff620000)]
  0x000000eaf1106270 JavaThread "jar transforms Thread 200" [_thread_blocked, id=1784, stack(0x000000eaff620000,0x000000eaff720000)]
  0x000000eaf11040c0 JavaThread "jar transforms Thread 201" [_thread_blocked, id=1220, stack(0x000000eaff720000,0x000000eaff820000)]
  0x000000eaf1106c10 JavaThread "jar transforms Thread 202" [_thread_blocked, id=3180, stack(0x000000eaff820000,0x000000eaff920000)]
  0x000000eaf11058d0 JavaThread "jar transforms Thread 203" [_thread_blocked, id=4284, stack(0x000000eaff920000,0x000000eaffa20000)]
  0x000000eaf11070e0 JavaThread "jar transforms Thread 204" [_thread_blocked, id=4704, stack(0x000000eaffa20000,0x000000eaffb20000)]
  0x000000eaf1101f10 JavaThread "jar transforms Thread 205" [_thread_blocked, id=5992, stack(0x000000eaffb20000,0x000000eaffc20000)]
  0x000000eaf11075b0 JavaThread "jar transforms Thread 206" [_thread_blocked, id=4104, stack(0x000000eaffc20000,0x000000eaffd20000)]
  0x000000eaf11023e0 JavaThread "jar transforms Thread 207" [_thread_blocked, id=3280, stack(0x000000eaffd20000,0x000000eaffe20000)]
  0x000000eaf1107a80 JavaThread "jar transforms Thread 208" [_thread_blocked, id=3992, stack(0x000000eaffe20000,0x000000eafff20000)]
  0x000000eaf1107f50 JavaThread "jar transforms Thread 209" [_thread_blocked, id=4256, stack(0x000000ea80000000,0x000000ea80100000)]
  0x000000eaf11088f0 JavaThread "jar transforms Thread 210" [_thread_blocked, id=5596, stack(0x000000ea80100000,0x000000ea80200000)]
  0x000000eaf1108dc0 JavaThread "jar transforms Thread 211" [_thread_blocked, id=4076, stack(0x000000ea80200000,0x000000ea80300000)]
  0x000000eaf1104590 JavaThread "jar transforms Thread 212" [_thread_blocked, id=684, stack(0x000000ea80300000,0x000000ea80400000)]
  0x000000eaf11028b0 JavaThread "jar transforms Thread 213" [_thread_blocked, id=3272, stack(0x000000ea80400000,0x000000ea80500000)]
  0x000000eaf1103250 JavaThread "jar transforms Thread 214" [_thread_blocked, id=5304, stack(0x000000ea80500000,0x000000ea80600000)]
  0x000000eaf1103720 JavaThread "jar transforms Thread 215" [_thread_blocked, id=1304, stack(0x000000ea80600000,0x000000ea80700000)]
  0x000000eaedac09f0 JavaThread "jar transforms Thread 216" [_thread_blocked, id=6084, stack(0x000000ea80700000,0x000000ea80800000)]
  0x000000eaedac26d0 JavaThread "jar transforms Thread 217" [_thread_blocked, id=5356, stack(0x000000ea80800000,0x000000ea80900000)]
  0x000000eaedac0ec0 JavaThread "jar transforms Thread 218" [_thread_blocked, id=5976, stack(0x000000ea80900000,0x000000ea80a00000)]
  0x000000eaedac56f0 JavaThread "jar transforms Thread 219" [_thread_blocked, id=2052, stack(0x000000ea80a00000,0x000000ea80b00000)]
  0x000000eaedac0520 JavaThread "jar transforms Thread 220" [_thread_blocked, id=6104, stack(0x000000ea80b00000,0x000000ea80c00000)]
  0x000000eaedac1d30 JavaThread "jar transforms Thread 221" [_thread_blocked, id=4820, stack(0x000000ea80c00000,0x000000ea80d00000)]
  0x000000eaedac0050 JavaThread "jar transforms Thread 222" [_thread_blocked, id=5316, stack(0x000000ea80d00000,0x000000ea80e00000)]
  0x000000eaedac1390 JavaThread "jar transforms Thread 223" [_thread_blocked, id=4336, stack(0x000000ea80e00000,0x000000ea80f00000)]
  0x000000eaedac3a10 JavaThread "jar transforms Thread 224" [_thread_blocked, id=1296, stack(0x000000ea80f00000,0x000000ea81000000)]
  0x000000eaedac3540 JavaThread "jar transforms Thread 225" [_thread_blocked, id=4268, stack(0x000000ea81000000,0x000000ea81100000)]
  0x000000eaedac4d50 JavaThread "jar transforms Thread 226" [_thread_blocked, id=5972, stack(0x000000ea81100000,0x000000ea81200000)]
  0x000000eaedac43b0 JavaThread "jar transforms Thread 227" [_thread_blocked, id=5940, stack(0x000000ea81200000,0x000000ea81300000)]
  0x000000eaedabed10 JavaThread "jar transforms Thread 228" [_thread_blocked, id=4848, stack(0x000000ea81300000,0x000000ea81400000)]
  0x000000eaedac2200 JavaThread "jar transforms Thread 229" [_thread_blocked, id=5248, stack(0x000000ea81400000,0x000000ea81500000)]
  0x000000eaedabe840 JavaThread "jar transforms Thread 230" [_thread_blocked, id=2088, stack(0x000000ea81500000,0x000000ea81600000)]
  0x000000eaedac1860 JavaThread "jar transforms Thread 231" [_thread_blocked, id=5916, stack(0x000000ea81600000,0x000000ea81700000)]
  0x000000eaedac3ee0 JavaThread "jar transforms Thread 232" [_thread_blocked, id=5808, stack(0x000000ea81700000,0x000000ea81800000)]
  0x000000eaedac5220 JavaThread "jar transforms Thread 233" [_thread_blocked, id=6048, stack(0x000000ea81800000,0x000000ea81900000)]
  0x000000eaedabe370 JavaThread "jar transforms Thread 234" [_thread_blocked, id=3076, stack(0x000000ea81900000,0x000000ea81a00000)]
  0x000000eaedabdea0 JavaThread "jar transforms Thread 235" [_thread_blocked, id=6012, stack(0x000000ea81a00000,0x000000ea81b00000)]
  0x000000eaedac2ba0 JavaThread "jar transforms Thread 236" [_thread_blocked, id=1624, stack(0x000000ea81b00000,0x000000ea81c00000)]
  0x000000eaedac3070 JavaThread "jar transforms Thread 237" [_thread_blocked, id=4868, stack(0x000000ea81c00000,0x000000ea81d00000)]
  0x000000eaedac4880 JavaThread "jar transforms Thread 238" [_thread_blocked, id=1996, stack(0x000000ea81d00000,0x000000ea81e00000)]
  0x000000eaedabf1e0 JavaThread "jar transforms Thread 239" [_thread_blocked, id=4356, stack(0x000000ea81e00000,0x000000ea81f00000)]
  0x000000eaedabfb80 JavaThread "jar transforms Thread 240" [_thread_blocked, id=5828, stack(0x000000ea81f00000,0x000000ea82000000)]
  0x000000eaedc96ce0 JavaThread "jar transforms Thread 241" [_thread_blocked, id=5780, stack(0x000000ea82000000,0x000000ea82100000)]
  0x000000eaedc93cc0 JavaThread "jar transforms Thread 242" [_thread_blocked, id=5868, stack(0x000000ea82100000,0x000000ea82200000)]
  0x000000eaedc937f0 JavaThread "jar transforms Thread 243" [_thread_blocked, id=5880, stack(0x000000ea82200000,0x000000ea82300000)]
  0x000000eaedc96340 JavaThread "jar transforms Thread 244" [_thread_blocked, id=5240, stack(0x000000ea82300000,0x000000ea82400000)]
  0x000000eaedc92e50 JavaThread "jar transforms Thread 245" [_thread_blocked, id=3696, stack(0x000000ea82400000,0x000000ea82500000)]
  0x000000eaedc93320 JavaThread "jar transforms Thread 246" [_thread_blocked, id=3004, stack(0x000000ea82500000,0x000000ea82600000)]
  0x000000eaedc91b10 JavaThread "pool-2-thread-1" [_thread_blocked, id=4196, stack(0x000000ea82800000,0x000000ea82900000)]
  0x000000eaedc94190 JavaThread "Cache worker for Build Output Cleanup Cache (C:\Users\SAMUEL\Documents\LokdonEncryptionModule\.gradle\buildOutputCleanup)" [_thread_blocked, id=5832, stack(0x000000ea82900000,0x000000ea82a00000)]
  0x000000eaedc97680 JavaThread "Cache worker for file content cache (C:\Users\SAMUEL\Documents\LokdonEncryptionModule\.gradle\6.5\fileContent)" [_thread_blocked, id=1056, stack(0x000000ea82a00000,0x000000ea82b00000)]
  0x000000eaedc91fe0 JavaThread "Execution worker for ':'" [_thread_blocked, id=5672, stack(0x000000ea82b00000,0x000000ea82c00000)]

Other Threads:
  0x000000eaeab59d60 VMThread "VM Thread" [stack: 0x000000eaeb3e0000,0x000000eaeb4e0000] [id=84]
  0x000000eaec1693e0 WatcherThread [stack: 0x000000eaec660000,0x000000eaec760000] [id=5436]
=>0x000000eacc4df6d0 GCTaskThread "GC Thread#0" [stack: 0x000000eae82b0000,0x000000eae83b0000] [id=4540]
  0x000000eaec2d1400 GCTaskThread "GC Thread#1" [stack: 0x000000eaec760000,0x000000eaec860000] [id=5040]
  0x000000eacc4f1dc0 ConcurrentGCThread "G1 Main Marker" [stack: 0x000000eae83b0000,0x000000eae84b0000] [id=3364]
  0x000000eacc4f2a30 ConcurrentGCThread "G1 Conc#0" [stack: 0x000000eae84b0000,0x000000eae85b0000] [id=5060]
  0x000000eacc53efb0 ConcurrentGCThread "G1 Refine#0" [stack: 0x000000eaea7e0000,0x000000eaea8e0000] [id=4584]
  0x000000eacc53fc30 ConcurrentGCThread "G1 Young RemSet Sampling" [stack: 0x000000eaea8e0000,0x000000eaea9e0000] [id=6112]

Threads with active compile tasks:
C2 CompilerThread0   263390 13802   !   4       org.gradle.api.internal.attributes.DefaultImmutableAttributesFactory::doConcatIsolatable (128 bytes)

VM state: at safepoint (normal execution)

VM Mutex/Monitor currently owned by a thread:  ([mutex/lock_event])
[0x000000eacc49d290] Threads_lock - owner thread: 0x000000eaeab59d60
[0x000000eacc49d5f0] Heap_lock - owner thread: 0x000000eaedc91fe0

Heap address: 0x0000000080000000, size: 2048 MB, Compressed Oops mode: 32-bit
CDS archive(s) mapped at: [0x0000000800000000-0x0000000800b50000-0x0000000800b50000), size 11862016, SharedBaseAddress: 0x0000000800000000, ArchiveRelocationMode: 0.
Compressed class space mapped at: 0x0000000800b50000-0x0000000840b50000, size: 1073741824
Narrow klass base: 0x0000000800000000, Narrow klass shift: 3, Narrow klass range: 0x100000000

GC Precious Log:
 CPUs: 2 total, 2 available
 Memory: 5738M
 Large Page Support: Disabled
 NUMA Support: Disabled
 Compressed Oops: Enabled (32-bit)
 Heap Region Size: 1M
 Heap Min Capacity: 8M
 Heap Initial Capacity: 90M
 Heap Max Capacity: 2G
 Pre-touch: Disabled
 Parallel Workers: 2
 Concurrent Workers: 1
 Concurrent Refinement Workers: 2
 Periodic GC: Disabled

Heap:
 garbage-first heap   total 148480K, used 120236K [0x0000000080000000, 0x0000000100000000)
  region size 1024K, 38 young (38912K), 5 survivors (5120K)
 Metaspace       used 97566K, capacity 98902K, committed 99072K, reserved 1136640K
  class space    used 12055K, capacity 12438K, committed 12544K, reserved 1048576K

Heap Regions: E=young(eden), S=young(survivor), O=old, HS=humongous(starts), HC=humongous(continues), CS=collection set, F=free, OA=open archive, CA=closed archive, TAMS=top-at-mark-start (previous, next)
|   0|0x0000000080000000, 0x0000000080100000, 0x0000000080100000|100%| O|  |TAMS 0x0000000080100000, 0x0000000080000000| Complete 
|   1|0x0000000080100000, 0x0000000080200000, 0x0000000080200000|100%| O|  |TAMS 0x0000000080200000, 0x0000000080100000| Untracked 
|   2|0x0000000080200000, 0x0000000080300000, 0x0000000080300000|100%| O|  |TAMS 0x0000000080300000, 0x0000000080200000| Untracked 
|   3|0x0000000080300000, 0x0000000080400000, 0x0000000080400000|100%| O|  |TAMS 0x0000000080400000, 0x0000000080300000| Untracked 
|   4|0x0000000080400000, 0x0000000080500000, 0x0000000080500000|100%|HS|  |TAMS 0x0000000080500000, 0x0000000080400000| Complete 
|   5|0x0000000080500000, 0x0000000080600000, 0x0000000080600000|100%|HC|  |TAMS 0x0000000080600000, 0x0000000080500000| Complete 
|   6|0x0000000080600000, 0x0000000080700000, 0x0000000080700000|100%|HC|  |TAMS 0x0000000080700000, 0x0000000080600000| Complete 
|   7|0x0000000080700000, 0x0000000080800000, 0x0000000080800000|100%| O|  |TAMS 0x0000000080800000, 0x0000000080700000| Untracked 
|   8|0x0000000080800000, 0x0000000080900000, 0x0000000080900000|100%| O|  |TAMS 0x0000000080900000, 0x0000000080800000| Complete 
|   9|0x0000000080900000, 0x0000000080a00000, 0x0000000080a00000|100%| O|  |TAMS 0x0000000080a00000, 0x0000000080900000| Untracked 
|  10|0x0000000080a00000, 0x0000000080b00000, 0x0000000080b00000|100%| O|  |TAMS 0x0000000080b00000, 0x0000000080a00000| Untracked 
|  11|0x0000000080b00000, 0x0000000080c00000, 0x0000000080c00000|100%| O|  |TAMS 0x0000000080c00000, 0x0000000080b00000| Untracked 
|  12|0x0000000080c00000, 0x0000000080d00000, 0x0000000080d00000|100%| O|  |TAMS 0x0000000080d00000, 0x0000000080c00000| Untracked 
|  13|0x0000000080d00000, 0x0000000080e00000, 0x0000000080e00000|100%| O|  |TAMS 0x0000000080e00000, 0x0000000080d00000| Untracked 
|  14|0x0000000080e00000, 0x0000000080f00000, 0x0000000080f00000|100%| O|  |TAMS 0x0000000080f00000, 0x0000000080e00000| Untracked 
|  15|0x0000000080f00000, 0x0000000080fef800, 0x0000000081000000| 93%| O|  |TAMS 0x0000000080fef800, 0x0000000080f00000| Untracked 
|  16|0x0000000081000000, 0x0000000081100000, 0x0000000081100000|100%| O|  |TAMS 0x0000000081100000, 0x0000000081000000| Complete 
|  17|0x0000000081100000, 0x0000000081200000, 0x0000000081200000|100%| O|  |TAMS 0x0000000081200000, 0x0000000081100000| Untracked 
|  18|0x0000000081200000, 0x0000000081300000, 0x0000000081300000|100%| O|  |TAMS 0x0000000081300000, 0x0000000081200000| Untracked 
|  19|0x0000000081300000, 0x0000000081400000, 0x0000000081400000|100%| O|  |TAMS 0x0000000081400000, 0x0000000081300000| Complete 
|  20|0x0000000081400000, 0x0000000081500000, 0x0000000081500000|100%| O|  |TAMS 0x0000000081500000, 0x0000000081400000| Untracked 
|  21|0x0000000081500000, 0x0000000081600000, 0x0000000081600000|100%| O|  |TAMS 0x0000000081600000, 0x0000000081500000| Untracked 
|  22|0x0000000081600000, 0x0000000081700000, 0x0000000081700000|100%|HS|  |TAMS 0x0000000081700000, 0x0000000081600000| Complete 
|  23|0x0000000081700000, 0x0000000081800000, 0x0000000081800000|100%|HC|  |TAMS 0x0000000081800000, 0x0000000081700000| Complete 
|  24|0x0000000081800000, 0x0000000081900000, 0x0000000081900000|100%|HC|  |TAMS 0x0000000081900000, 0x0000000081800000| Complete 
|  25|0x0000000081900000, 0x0000000081a00000, 0x0000000081a00000|100%|HS|  |TAMS 0x0000000081a00000, 0x0000000081900000| Complete 
|  26|0x0000000081a00000, 0x0000000081b00000, 0x0000000081b00000|100%|HC|  |TAMS 0x0000000081b00000, 0x0000000081a00000| Complete 
|  27|0x0000000081b00000, 0x0000000081c00000, 0x0000000081c00000|100%| O|  |TAMS 0x0000000081c00000, 0x0000000081b00000| Untracked 
|  28|0x0000000081c00000, 0x0000000081d00000, 0x0000000081d00000|100%| O|  |TAMS 0x0000000081d00000, 0x0000000081c00000| Untracked 
|  29|0x0000000081d00000, 0x0000000081e00000, 0x0000000081e00000|100%| O|  |TAMS 0x0000000081e00000, 0x0000000081d00000| Complete 
|  30|0x0000000081e00000, 0x0000000081f00000, 0x0000000081f00000|100%| O|  |TAMS 0x0000000081f00000, 0x0000000081e00000| Untracked 
|  31|0x0000000081f00000, 0x0000000082000000, 0x0000000082000000|100%| O|  |TAMS 0x0000000082000000, 0x0000000081f00000| Untracked 
|  32|0x0000000082000000, 0x0000000082100000, 0x0000000082100000|100%| O|  |TAMS 0x0000000082100000, 0x0000000082000000| Untracked 
|  33|0x0000000082100000, 0x0000000082200000, 0x0000000082200000|100%| O|  |TAMS 0x0000000082200000, 0x0000000082100000| Complete 
|  34|0x0000000082200000, 0x0000000082300000, 0x0000000082300000|100%| O|  |TAMS 0x0000000082300000, 0x0000000082200000| Untracked 
|  35|0x0000000082300000, 0x0000000082400000, 0x0000000082400000|100%| O|  |TAMS 0x0000000082400000, 0x0000000082300000| Untracked 
|  36|0x0000000082400000, 0x0000000082500000, 0x0000000082500000|100%| O|  |TAMS 0x0000000082500000, 0x0000000082400000| Untracked 
|  37|0x0000000082500000, 0x0000000082600000, 0x0000000082600000|100%| O|  |TAMS 0x0000000082600000, 0x0000000082500000| Complete 
|  38|0x0000000082600000, 0x0000000082700000, 0x0000000082700000|100%| O|  |TAMS 0x0000000082700000, 0x0000000082600000| Untracked 
|  39|0x0000000082700000, 0x0000000082800000, 0x0000000082800000|100%| O|  |TAMS 0x0000000082800000, 0x0000000082700000| Untracked 
|  40|0x0000000082800000, 0x0000000082900000, 0x0000000082900000|100%| O|  |TAMS 0x0000000082900000, 0x0000000082800000| Complete 
|  41|0x0000000082900000, 0x0000000082a00000, 0x0000000082a00000|100%| O|  |TAMS 0x0000000082a00000, 0x0000000082900000| Complete 
|  42|0x0000000082a00000, 0x0000000082b00000, 0x0000000082b00000|100%| O|  |TAMS 0x0000000082b00000, 0x0000000082a00000| Complete 
|  43|0x0000000082b00000, 0x0000000082c00000, 0x0000000082c00000|100%| O|  |TAMS 0x0000000082c00000, 0x0000000082b00000| Complete 
|  44|0x0000000082c00000, 0x0000000082d00000, 0x0000000082d00000|100%| O|  |TAMS 0x0000000082d00000, 0x0000000082c00000| Untracked 
|  45|0x0000000082d00000, 0x0000000082e00000, 0x0000000082e00000|100%| O|  |TAMS 0x0000000082e00000, 0x0000000082d00000| Complete 
|  46|0x0000000082e00000, 0x0000000082f00000, 0x0000000082f00000|100%| O|  |TAMS 0x0000000082f00000, 0x0000000082e00000| Untracked 
|  47|0x0000000082f00000, 0x0000000083000000, 0x0000000083000000|100%| O|  |TAMS 0x0000000083000000, 0x0000000082f00000| Untracked 
|  48|0x0000000083000000, 0x0000000083100000, 0x0000000083100000|100%| O|  |TAMS 0x0000000083100000, 0x0000000083000000| Untracked 
|  49|0x0000000083100000, 0x0000000083200000, 0x0000000083200000|100%| O|  |TAMS 0x0000000083200000, 0x0000000083100000| Untracked 
|  50|0x0000000083200000, 0x0000000083300000, 0x0000000083300000|100%| O|  |TAMS 0x0000000083300000, 0x0000000083200000| Complete 
|  51|0x0000000083300000, 0x0000000083400000, 0x0000000083400000|100%| O|  |TAMS 0x0000000083400000, 0x0000000083300000| Untracked 
|  52|0x0000000083400000, 0x0000000083500000, 0x0000000083500000|100%| O|  |TAMS 0x0000000083500000, 0x0000000083400000| Untracked 
|  53|0x0000000083500000, 0x0000000083600000, 0x0000000083600000|100%| O|  |TAMS 0x0000000083600000, 0x0000000083500000| Untracked 
|  54|0x0000000083600000, 0x0000000083700000, 0x0000000083700000|100%| O|  |TAMS 0x0000000083700000, 0x0000000083600000| Untracked 
|  55|0x0000000083700000, 0x0000000083800000, 0x0000000083800000|100%| O|  |TAMS 0x0000000083800000, 0x0000000083700000| Untracked 
|  56|0x0000000083800000, 0x0000000083900000, 0x0000000083900000|100%| O|  |TAMS 0x0000000083900000, 0x0000000083800000| Complete 
|  57|0x0000000083900000, 0x0000000083a00000, 0x0000000083a00000|100%| O|  |TAMS 0x0000000083a00000, 0x0000000083900000| Untracked 
|  58|0x0000000083a00000, 0x0000000083b00000, 0x0000000083b00000|100%| O|  |TAMS 0x0000000083b00000, 0x0000000083a00000| Complete 
|  59|0x0000000083b00000, 0x0000000083c00000, 0x0000000083c00000|100%| O|  |TAMS 0x0000000083c00000, 0x0000000083b00000| Untracked 
|  60|0x0000000083c00000, 0x0000000083d00000, 0x0000000083d00000|100%| O|  |TAMS 0x0000000083d00000, 0x0000000083c00000| Untracked 
|  61|0x0000000083d00000, 0x0000000083e00000, 0x0000000083e00000|100%| O|  |TAMS 0x0000000083e00000, 0x0000000083d00000| Untracked 
|  62|0x0000000083e00000, 0x0000000083f00000, 0x0000000083f00000|100%| O|  |TAMS 0x0000000083f00000, 0x0000000083e00000| Complete 
|  63|0x0000000083f00000, 0x0000000084000000, 0x0000000084000000|100%| O|  |TAMS 0x0000000084000000, 0x0000000083f00000| Untracked 
|  64|0x0000000084000000, 0x0000000084100000, 0x0000000084100000|100%| O|  |TAMS 0x0000000084100000, 0x0000000084000000| Untracked 
|  65|0x0000000084100000, 0x0000000084200000, 0x0000000084200000|100%| O|  |TAMS 0x0000000084200000, 0x0000000084100000| Untracked 
|  66|0x0000000084200000, 0x0000000084300000, 0x0000000084300000|100%| O|  |TAMS 0x0000000084300000, 0x0000000084200000| Untracked 
|  67|0x0000000084300000, 0x0000000084400000, 0x0000000084400000|100%| O|  |TAMS 0x0000000084400000, 0x0000000084300000| Complete 
|  68|0x0000000084400000, 0x0000000084500000, 0x0000000084500000|100%| O|  |TAMS 0x0000000084500000, 0x0000000084400000| Untracked 
|  69|0x0000000084500000, 0x0000000084600000, 0x0000000084600000|100%| O|  |TAMS 0x0000000084600000, 0x0000000084500000| Untracked 
|  70|0x0000000084600000, 0x0000000084700000, 0x0000000084700000|100%| O|  |TAMS 0x0000000084700000, 0x0000000084600000| Complete 
|  71|0x0000000084700000, 0x0000000084800000, 0x0000000084800000|100%| O|  |TAMS 0x0000000084800000, 0x0000000084700000| Complete 
|  72|0x0000000084800000, 0x0000000084900000, 0x0000000084900000|100%| O|  |TAMS 0x0000000084900000, 0x0000000084800000| Complete 
|  73|0x0000000084900000, 0x0000000084a00000, 0x0000000084a00000|100%|HS|  |TAMS 0x0000000084a00000, 0x0000000084900000| Complete 
|  74|0x0000000084a00000, 0x0000000084b00000, 0x0000000084b00000|100%|HC|  |TAMS 0x0000000084b00000, 0x0000000084a00000| Complete 
|  75|0x0000000084b00000, 0x0000000084c00000, 0x0000000084c00000|100%| O|  |TAMS 0x0000000084c00000, 0x0000000084b00000| Complete 
|  76|0x0000000084c00000, 0x0000000084d00000, 0x0000000084d00000|100%| O|  |TAMS 0x0000000084d00000, 0x0000000084c00000| Complete 
|  77|0x0000000084d00000, 0x0000000084e00000, 0x0000000084e00000|100%| O|  |TAMS 0x0000000084d00000, 0x0000000084d00000| Untracked 
|  78|0x0000000084e00000, 0x0000000084f00000, 0x0000000084f00000|100%| O|  |TAMS 0x0000000084f00000, 0x0000000084e00000| Complete 
|  79|0x0000000084f00000, 0x0000000085000000, 0x0000000085000000|100%| O|  |TAMS 0x0000000085000000, 0x0000000084f00000| Complete 
|  80|0x0000000085000000, 0x0000000085100000, 0x0000000085100000|100%| O|  |TAMS 0x0000000085100000, 0x0000000085000000| Complete 
|  81|0x0000000085100000, 0x0000000085200000, 0x0000000085200000|100%| O|  |TAMS 0x0000000085200000, 0x0000000085100000| Untracked 
|  82|0x0000000085200000, 0x0000000085300000, 0x0000000085300000|100%| O|  |TAMS 0x00000000852da600, 0x0000000085200000| Untracked 
|  83|0x0000000085300000, 0x000000008534d850, 0x0000000085400000| 30%| O|  |TAMS 0x0000000085300000, 0x0000000085300000| Untracked 
|  84|0x0000000085400000, 0x0000000085400000, 0x0000000085500000|  0%| F|  |TAMS 0x0000000085400000, 0x0000000085400000| Untracked 
|  85|0x0000000085500000, 0x0000000085500000, 0x0000000085600000|  0%| F|  |TAMS 0x0000000085500000, 0x0000000085500000| Untracked 
|  86|0x0000000085600000, 0x0000000085600000, 0x0000000085700000|  0%| F|  |TAMS 0x0000000085600000, 0x0000000085600000| Untracked 
|  87|0x0000000085700000, 0x0000000085700000, 0x0000000085800000|  0%| F|  |TAMS 0x0000000085700000, 0x0000000085700000| Untracked 
|  88|0x0000000085800000, 0x0000000085800000, 0x0000000085900000|  0%| F|  |TAMS 0x0000000085800000, 0x0000000085800000| Untracked 
|  89|0x0000000085900000, 0x0000000085900000, 0x0000000085a00000|  0%| F|  |TAMS 0x0000000085900000, 0x0000000085900000| Untracked 
|  90|0x0000000085a00000, 0x0000000085a00000, 0x0000000085b00000|  0%| F|  |TAMS 0x0000000085a00000, 0x0000000085a00000| Untracked 
|  91|0x0000000085b00000, 0x0000000085b00000, 0x0000000085c00000|  0%| F|  |TAMS 0x0000000085b00000, 0x0000000085b00000| Untracked 
|  92|0x0000000085c00000, 0x0000000085c00000, 0x0000000085d00000|  0%| F|  |TAMS 0x0000000085c00000, 0x0000000085c00000| Untracked 
|  93|0x0000000085d00000, 0x0000000085d00000, 0x0000000085e00000|  0%| F|  |TAMS 0x0000000085d00000, 0x0000000085d00000| Untracked 
|  94|0x0000000085e00000, 0x0000000085e00000, 0x0000000085f00000|  0%| F|  |TAMS 0x0000000085e00000, 0x0000000085e00000| Untracked 
|  95|0x0000000085f00000, 0x0000000085f00000, 0x0000000086000000|  0%| F|  |TAMS 0x0000000085f00000, 0x0000000085f00000| Untracked 
|  96|0x0000000086000000, 0x0000000086000000, 0x0000000086100000|  0%| F|  |TAMS 0x0000000086000000, 0x0000000086000000| Untracked 
|  97|0x0000000086100000, 0x0000000086100000, 0x0000000086200000|  0%| F|  |TAMS 0x0000000086100000, 0x0000000086100000| Untracked 
|  98|0x0000000086200000, 0x0000000086200000, 0x0000000086300000|  0%| F|  |TAMS 0x0000000086200000, 0x0000000086200000| Untracked 
|  99|0x0000000086300000, 0x0000000086300000, 0x0000000086400000|  0%| F|  |TAMS 0x0000000086300000, 0x0000000086300000| Untracked 
| 100|0x0000000086400000, 0x0000000086400000, 0x0000000086500000|  0%| F|  |TAMS 0x0000000086400000, 0x0000000086400000| Untracked 
| 101|0x0000000086500000, 0x0000000086500000, 0x0000000086600000|  0%| F|  |TAMS 0x0000000086500000, 0x0000000086500000| Untracked 
| 102|0x0000000086600000, 0x0000000086600000, 0x0000000086700000|  0%| F|  |TAMS 0x0000000086600000, 0x0000000086600000| Untracked 
| 103|0x0000000086700000, 0x0000000086700000, 0x0000000086800000|  0%| F|  |TAMS 0x0000000086700000, 0x0000000086700000| Untracked 
| 104|0x0000000086800000, 0x0000000086900000, 0x0000000086900000|100%| S|  |TAMS 0x0000000086800000, 0x0000000086800000| Complete 
| 105|0x0000000086900000, 0x0000000086a00000, 0x0000000086a00000|100%| S|  |TAMS 0x0000000086900000, 0x0000000086900000| Complete 
| 106|0x0000000086a00000, 0x0000000086b00000, 0x0000000086b00000|100%| S|  |TAMS 0x0000000086a00000, 0x0000000086a00000| Complete 
| 107|0x0000000086b00000, 0x0000000086c00000, 0x0000000086c00000|100%| S|  |TAMS 0x0000000086b00000, 0x0000000086b00000| Complete 
| 108|0x0000000086c00000, 0x0000000086ca12e8, 0x0000000086d00000| 62%| E|CS|TAMS 0x0000000086c00000, 0x0000000086c00000| Complete 
| 109|0x0000000086d00000, 0x0000000086e00000, 0x0000000086e00000|100%| E|CS|TAMS 0x0000000086d00000, 0x0000000086d00000| Complete 
| 110|0x0000000086e00000, 0x0000000086f00000, 0x0000000086f00000|100%| E|CS|TAMS 0x0000000086e00000, 0x0000000086e00000| Complete 
| 111|0x0000000086f00000, 0x0000000087000000, 0x0000000087000000|100%| S|  |TAMS 0x0000000086f00000, 0x0000000086f00000| Complete 
| 112|0x0000000087000000, 0x0000000087100000, 0x0000000087100000|100%| E|CS|TAMS 0x0000000087000000, 0x0000000087000000| Complete 
| 113|0x0000000087100000, 0x0000000087200000, 0x0000000087200000|100%| E|CS|TAMS 0x0000000087100000, 0x0000000087100000| Complete 
| 114|0x0000000087200000, 0x0000000087300000, 0x0000000087300000|100%| E|CS|TAMS 0x0000000087200000, 0x0000000087200000| Complete 
| 115|0x0000000087300000, 0x0000000087400000, 0x0000000087400000|100%| E|CS|TAMS 0x0000000087300000, 0x0000000087300000| Complete 
| 116|0x0000000087400000, 0x0000000087500000, 0x0000000087500000|100%| E|CS|TAMS 0x0000000087400000, 0x0000000087400000| Complete 
| 117|0x0000000087500000, 0x0000000087600000, 0x0000000087600000|100%| E|CS|TAMS 0x0000000087500000, 0x0000000087500000| Complete 
| 118|0x0000000087600000, 0x0000000087700000, 0x0000000087700000|100%| E|CS|TAMS 0x0000000087600000, 0x0000000087600000| Complete 
| 119|0x0000000087700000, 0x0000000087800000, 0x0000000087800000|100%| E|CS|TAMS 0x0000000087700000, 0x0000000087700000| Complete 
| 120|0x0000000087800000, 0x0000000087900000, 0x0000000087900000|100%| E|CS|TAMS 0x0000000087800000, 0x0000000087800000| Complete 
| 121|0x0000000087900000, 0x0000000087a00000, 0x0000000087a00000|100%| E|CS|TAMS 0x0000000087900000, 0x0000000087900000| Complete 
| 122|0x0000000087a00000, 0x0000000087b00000, 0x0000000087b00000|100%| E|CS|TAMS 0x0000000087a00000, 0x0000000087a00000| Complete 
| 123|0x0000000087b00000, 0x0000000087c00000, 0x0000000087c00000|100%| E|CS|TAMS 0x0000000087b00000, 0x0000000087b00000| Complete 
| 124|0x0000000087c00000, 0x0000000087d00000, 0x0000000087d00000|100%| E|CS|TAMS 0x0000000087c00000, 0x0000000087c00000| Complete 
| 125|0x0000000087d00000, 0x0000000087e00000, 0x0000000087e00000|100%| E|CS|TAMS 0x0000000087d00000, 0x0000000087d00000| Complete 
| 126|0x0000000087e00000, 0x0000000087f00000, 0x0000000087f00000|100%| E|CS|TAMS 0x0000000087e00000, 0x0000000087e00000| Complete 
| 127|0x0000000087f00000, 0x0000000088000000, 0x0000000088000000|100%| E|CS|TAMS 0x0000000087f00000, 0x0000000087f00000| Complete 
| 128|0x0000000088000000, 0x0000000088100000, 0x0000000088100000|100%| E|CS|TAMS 0x0000000088000000, 0x0000000088000000| Complete 
| 129|0x0000000088100000, 0x0000000088200000, 0x0000000088200000|100%| E|CS|TAMS 0x0000000088100000, 0x0000000088100000| Complete 
| 130|0x0000000088200000, 0x0000000088300000, 0x0000000088300000|100%| E|CS|TAMS 0x0000000088200000, 0x0000000088200000| Complete 
| 131|0x0000000088300000, 0x0000000088400000, 0x0000000088400000|100%| E|CS|TAMS 0x0000000088300000, 0x0000000088300000| Complete 
| 132|0x0000000088400000, 0x0000000088500000, 0x0000000088500000|100%| E|CS|TAMS 0x0000000088400000, 0x0000000088400000| Complete 
| 133|0x0000000088500000, 0x0000000088600000, 0x0000000088600000|100%| E|CS|TAMS 0x0000000088500000, 0x0000000088500000| Complete 
| 134|0x0000000088600000, 0x0000000088700000, 0x0000000088700000|100%| E|CS|TAMS 0x0000000088600000, 0x0000000088600000| Complete 
| 135|0x0000000088700000, 0x0000000088800000, 0x0000000088800000|100%| E|CS|TAMS 0x0000000088700000, 0x0000000088700000| Complete 
| 136|0x0000000088800000, 0x0000000088900000, 0x0000000088900000|100%| E|CS|TAMS 0x0000000088800000, 0x0000000088800000| Complete 
| 137|0x0000000088900000, 0x0000000088a00000, 0x0000000088a00000|100%| E|CS|TAMS 0x0000000088900000, 0x0000000088900000| Complete 
| 138|0x0000000088a00000, 0x0000000088b00000, 0x0000000088b00000|100%| E|CS|TAMS 0x0000000088a00000, 0x0000000088a00000| Complete 
| 139|0x0000000088b00000, 0x0000000088c00000, 0x0000000088c00000|100%| E|CS|TAMS 0x0000000088b00000, 0x0000000088b00000| Complete 
| 140|0x0000000088c00000, 0x0000000088d00000, 0x0000000088d00000|100%| E|CS|TAMS 0x0000000088c00000, 0x0000000088c00000| Complete 
| 141|0x0000000088d00000, 0x0000000088e00000, 0x0000000088e00000|100%| E|CS|TAMS 0x0000000088d00000, 0x0000000088d00000| Complete 
| 142|0x0000000088e00000, 0x0000000088f00000, 0x0000000088f00000|100%| E|CS|TAMS 0x0000000088e00000, 0x0000000088e00000| Complete 
| 143|0x0000000088f00000, 0x0000000089000000, 0x0000000089000000|100%| E|CS|TAMS 0x0000000088f00000, 0x0000000088f00000| Complete 
| 144|0x0000000089000000, 0x0000000089100000, 0x0000000089100000|100%| E|CS|TAMS 0x0000000089000000, 0x0000000089000000| Complete 

Card table byte_map: [0x000000eae3ab0000,0x000000eae3eb0000] _byte_map_base: 0x000000eae36b0000

Marking Bits (Prev, Next): (CMBitMap*) 0x000000eacc4e0f40, (CMBitMap*) 0x000000eacc4e0f80
 Prev Bits: [0x000000eae42b0000, 0x000000eae62b0000)
 Next Bits: [0x000000eae62b0000, 0x000000eae82b0000)

Polling page: 0x000000eaca5a0000

Metaspace:

Usage:
  Non-class:     84.44 MB capacity,    83.51 MB ( 99%) used,   821.85 KB ( <1%) free+waste,   131.31 KB ( <1%) overhead. 
      Class:     12.15 MB capacity,    11.77 MB ( 97%) used,   333.04 KB (  3%) free+waste,    49.75 KB ( <1%) overhead. 
       Both:     96.58 MB capacity,    95.28 MB ( 99%) used,     1.13 MB (  1%) free+waste,   181.06 KB ( <1%) overhead. 

Virtual space:
  Non-class space:       86.00 MB reserved,      84.50 MB ( 98%) committed 
      Class space:        1.00 GB reserved,      12.25 MB (  1%) committed 
             Both:        1.08 GB reserved,      96.75 MB (  9%) committed 

Chunk freelists:
   Non-Class:  0 bytes
       Class:  10.00 KB
        Both:  10.00 KB

MaxMetaspaceSize: 17179869184.00 GB
CompressedClassSpaceSize: 1.00 GB

CodeHeap 'non-profiled nmethods': size=120064Kb used=5931Kb max_used=5931Kb free=114132Kb
 bounds [0x000000eadc170000, 0x000000eadc740000, 0x000000eae36b0000]
CodeHeap 'profiled nmethods': size=120000Kb used=24960Kb max_used=24960Kb free=95039Kb
 bounds [0x000000ead4c40000, 0x000000ead64b0000, 0x000000eadc170000]
CodeHeap 'non-nmethods': size=5696Kb used=2422Kb max_used=2468Kb free=3273Kb
 bounds [0x000000ead46b0000, 0x000000ead4920000, 0x000000ead4c40000]
 total_blobs=13027 nmethods=12099 adapters=839
 compilation: enabled
              stopped_count=0, restarted_count=0
 full_count=0

Compilation events (20 events):
Event: 262.856 Thread 0x000000eaeab876e0 13924       2       com.google.common.cache.RemovalNotification::create (11 bytes)
Event: 262.857 Thread 0x000000eaeab876e0 nmethod 13924 0x000000ead6496010 code [0x000000ead64961c0, 0x000000ead64964e8]
Event: 262.870 Thread 0x000000eaeab876e0 13925       2       org.gradle.internal.work.DefaultWorkerLeaseService$DefaultWorkerLease::acquireLock (101 bytes)
Event: 262.873 Thread 0x000000eaeab876e0 nmethod 13925 0x000000ead6496610 code [0x000000ead6496820, 0x000000ead6496cc8]
Event: 262.877 Thread 0x000000eaeab876e0 13926       2       org.gradle.internal.file.impl.DefaultFileMetadata::directory (52 bytes)
Event: 262.878 Thread 0x000000eaeab876e0 nmethod 13926 0x000000ead6497090 code [0x000000ead6497240, 0x000000ead6497448]
Event: 262.885 Thread 0x000000eaeab876e0 13927   !   2       com.google.common.collect.MapMakerInternalMap$Segment::reclaimKey (137 bytes)
Event: 262.894 Thread 0x000000eaeab876e0 nmethod 13927 0x000000ead6497590 code [0x000000ead6497900, 0x000000ead6498758]
Event: 262.908 Thread 0x000000eaeab876e0 13928       2       com.google.common.collect.MapMakerInternalMap$Segment::removeFromChain (67 bytes)
Event: 262.909 Thread 0x000000eaeab876e0 nmethod 13928 0x000000ead6499610 code [0x000000ead64997e0, 0x000000ead6499a78]
Event: 262.915 Thread 0x000000eaeab876e0 13929       2       com.google.common.collect.MapMakerInternalMap$Segment::getEntry (80 bytes)
Event: 262.918 Thread 0x000000eaeab876e0 nmethod 13929 0x000000ead6499c90 code [0x000000ead6499ec0, 0x000000ead649a328]
Event: 262.924 Thread 0x000000eaeab876e0 13930   !   2       org.gradle.internal.snapshot.impl.DirectorySnapshotter$PathVisitor::snapshotFile (114 bytes)
Event: 262.927 Thread 0x000000eaeab876e0 nmethod 13930 0x000000ead649a690 code [0x000000ead649a8e0, 0x000000ead649b138]
Event: 262.928 Thread 0x000000eaeab876e0 13931   !   2       org.gradle.internal.snapshot.impl.DirectorySnapshotter$PathVisitor::visitFile (161 bytes)
Event: 262.932 Thread 0x000000eaeab876e0 nmethod 13931 0x000000ead649b610 code [0x000000ead649b920, 0x000000ead649c5c8]
Event: 262.933 Thread 0x000000eaeab876e0 13932       2       org.gradle.internal.snapshot.impl.DirectorySnapshotter$PathVisitor::visitResolvedFile (52 bytes)
Event: 262.935 Thread 0x000000eaeab876e0 nmethod 13932 0x000000ead649cd90 code [0x000000ead649cf80, 0x000000ead649d218]
Event: 262.939 Thread 0x000000eaeab876e0 13933   !   2       com.google.common.collect.MapMakerInternalMap$Segment::put (298 bytes)
Event: 262.951 Thread 0x000000eaeab876e0 nmethod 13933 0x000000ead649d410 code [0x000000ead649d880, 0x000000ead649ebe8]

GC Heap History (20 events):
Event: 129.412 GC heap after
{Heap after GC invocations=38 (full 0):
 garbage-first heap   total 111616K, used 68334K [0x0000000080000000, 0x0000000100000000)
  region size 1024K, 4 young (4096K), 4 survivors (4096K)
 Metaspace       used 69625K, capacity 70792K, committed 71040K, reserved 1112064K
  class space    used 8993K, capacity 9291K, committed 9344K, reserved 1048576K
}
Event: 134.970 GC heap before
{Heap before GC invocations=39 (full 0):
 garbage-first heap   total 116736K, used 90862K [0x0000000080000000, 0x0000000100000000)
  region size 1024K, 27 young (27648K), 4 survivors (4096K)
 Metaspace       used 70137K, capacity 71240K, committed 71424K, reserved 1112064K
  class space    used 9030K, capacity 9355K, committed 9472K, reserved 1048576K
}
Event: 135.011 GC heap after
{Heap after GC invocations=40 (full 0):
 garbage-first heap   total 116736K, used 69846K [0x0000000080000000, 0x0000000100000000)
  region size 1024K, 2 young (2048K), 2 survivors (2048K)
 Metaspace       used 70137K, capacity 71240K, committed 71424K, reserved 1112064K
  class space    used 9030K, capacity 9355K, committed 9472K, reserved 1048576K
}
Event: 150.854 GC heap before
{Heap before GC invocations=40 (full 0):
 garbage-first heap   total 116736K, used 95446K [0x0000000080000000, 0x0000000100000000)
  region size 1024K, 28 young (28672K), 2 survivors (2048K)
 Metaspace       used 71936K, capacity 73086K, committed 73216K, reserved 1112064K
  class space    used 9286K, capacity 9607K, committed 9728K, reserved 1048576K
}
Event: 150.883 GC heap after
{Heap after GC invocations=41 (full 0):
 garbage-first heap   total 116736K, used 71172K [0x0000000080000000, 0x0000000100000000)
  region size 1024K, 3 young (3072K), 3 survivors (3072K)
 Metaspace       used 71936K, capacity 73086K, committed 73216K, reserved 1112064K
  class space    used 9286K, capacity 9607K, committed 9728K, reserved 1048576K
}
Event: 153.998 GC heap before
{Heap before GC invocations=42 (full 0):
 garbage-first heap   total 121856K, used 83460K [0x0000000080000000, 0x0000000100000000)
  region size 1024K, 17 young (17408K), 3 survivors (3072K)
 Metaspace       used 74861K, capacity 76032K, committed 76288K, reserved 1116160K
  class space    used 9633K, capacity 9923K, committed 9984K, reserved 1048576K
}
Event: 154.035 GC heap after
{Heap after GC invocations=43 (full 0):
 garbage-first heap   total 121856K, used 72068K [0x0000000080000000, 0x0000000100000000)
  region size 1024K, 3 young (3072K), 3 survivors (3072K)
 Metaspace       used 74861K, capacity 76032K, committed 76288K, reserved 1116160K
  class space    used 9633K, capacity 9923K, committed 9984K, reserved 1048576K
}
Event: 159.970 GC heap before
{Heap before GC invocations=44 (full 0):
 garbage-first heap   total 130048K, used 102788K [0x0000000080000000, 0x0000000100000000)
  region size 1024K, 32 young (32768K), 3 survivors (3072K)
 Metaspace       used 78161K, capacity 79349K, committed 79488K, reserved 1118208K
  class space    used 10041K, capacity 10343K, committed 10368K, reserved 1048576K
}
Event: 160.020 GC heap after
{Heap after GC invocations=45 (full 0):
 garbage-first heap   total 130048K, used 75313K [0x0000000080000000, 0x0000000100000000)
  region size 1024K, 4 young (4096K), 4 survivors (4096K)
 Metaspace       used 78161K, capacity 79349K, committed 79488K, reserved 1118208K
  class space    used 10041K, capacity 10343K, committed 10368K, reserved 1048576K
}
Event: 168.950 GC heap before
{Heap before GC invocations=45 (full 0):
 garbage-first heap   total 130048K, used 100913K [0x0000000080000000, 0x0000000100000000)
  region size 1024K, 31 young (31744K), 4 survivors (4096K)
 Metaspace       used 86123K, capacity 87259K, committed 87424K, reserved 1126400K
  class space    used 10975K, capacity 11312K, committed 11392K, reserved 1048576K
}
Event: 169.006 GC heap after
{Heap after GC invocations=46 (full 0):
 garbage-first heap   total 130048K, used 77912K [0x0000000080000000, 0x0000000100000000)
  region size 1024K, 4 young (4096K), 4 survivors (4096K)
 Metaspace       used 86123K, capacity 87259K, committed 87424K, reserved 1126400K
  class space    used 10975K, capacity 11312K, committed 11392K, reserved 1048576K
}
Event: 196.311 GC heap before
{Heap before GC invocations=47 (full 0):
 garbage-first heap   total 140288K, used 107608K [0x0000000080000000, 0x0000000100000000)
  region size 1024K, 32 young (32768K), 4 survivors (4096K)
 Metaspace       used 88329K, capacity 89509K, committed 89600K, reserved 1128448K
  class space    used 11170K, capacity 11507K, committed 11520K, reserved 1048576K
}
Event: 196.365 GC heap after
{Heap after GC invocations=48 (full 0):
 garbage-first heap   total 140288K, used 84359K [0x0000000080000000, 0x0000000100000000)
  region size 1024K, 4 young (4096K), 4 survivors (4096K)
 Metaspace       used 88329K, capacity 89509K, committed 89600K, reserved 1128448K
  class space    used 11170K, capacity 11507K, committed 11520K, reserved 1048576K
}
Event: 203.881 GC heap before
{Heap before GC invocations=48 (full 0):
 garbage-first heap   total 140288K, used 113031K [0x0000000080000000, 0x0000000100000000)
  region size 1024K, 32 young (32768K), 4 survivors (4096K)
 Metaspace       used 89782K, capacity 91023K, committed 91264K, reserved 1128448K
  class space    used 11306K, capacity 11646K, committed 11648K, reserved 1048576K
}
Event: 203.929 GC heap after
{Heap after GC invocations=49 (full 0):
 garbage-first heap   total 140288K, used 84926K [0x0000000080000000, 0x0000000100000000)
  region size 1024K, 3 young (3072K), 3 survivors (3072K)
 Metaspace       used 89782K, capacity 91023K, committed 91264K, reserved 1128448K
  class space    used 11306K, capacity 11646K, committed 11648K, reserved 1048576K
}
Event: 208.989 GC heap before
{Heap before GC invocations=50 (full 0):
 garbage-first heap   total 148480K, used 113598K [0x0000000080000000, 0x0000000100000000)
  region size 1024K, 31 young (31744K), 3 survivors (3072K)
 Metaspace       used 92292K, capacity 93557K, committed 93696K, reserved 1130496K
  class space    used 11635K, capacity 11999K, committed 12032K, reserved 1048576K
}
Event: 209.031 GC heap after
{Heap after GC invocations=51 (full 0):
 garbage-first heap   total 148480K, used 85682K [0x0000000080000000, 0x0000000100000000)
  region size 1024K, 1 young (1024K), 1 survivors (1024K)
 Metaspace       used 92292K, capacity 93557K, committed 93696K, reserved 1130496K
  class space    used 11635K, capacity 11999K, committed 12032K, reserved 1048576K
}
Event: 255.773 GC heap before
{Heap before GC invocations=51 (full 0):
 garbage-first heap   total 148480K, used 118450K [0x0000000080000000, 0x0000000100000000)
  region size 1024K, 34 young (34816K), 1 survivors (1024K)
 Metaspace       used 97021K, capacity 98309K, committed 98560K, reserved 1134592K
  class space    used 12045K, capacity 12423K, committed 12544K, reserved 1048576K
}
Event: 255.801 GC heap after
{Heap after GC invocations=52 (full 0):
 garbage-first heap   total 148480K, used 87468K [0x0000000080000000, 0x0000000100000000)
  region size 1024K, 3 young (3072K), 3 survivors (3072K)
 Metaspace       used 97021K, capacity 98309K, committed 98560K, reserved 1134592K
  class space    used 12045K, capacity 12423K, committed 12544K, reserved 1048576K
}
Event: 263.021 GC heap before
{Heap before GC invocations=53 (full 0):
 garbage-first heap   total 148480K, used 120236K [0x0000000080000000, 0x0000000100000000)
  region size 1024K, 36 young (36864K), 3 survivors (3072K)
 Metaspace       used 97566K, capacity 98902K, committed 99072K, reserved 1136640K
  class space    used 12055K, capacity 12438K, committed 12544K, reserved 1048576K
}

Deoptimization events (20 events):
Event: 262.851 Thread 0x000000eaede5b8c0 Uncommon trap: trap_request=0xffffffbe fr.pc=0x000000eadc6ff804 relative=0x00000000000006e4
Event: 262.851 Thread 0x000000eaede5b8c0 Uncommon trap: reason=profile_predicate action=maybe_recompile pc=0x000000eadc6ff804 method=org.gradle.internal.snapshot.SearchUtil.binarySearch(Ljava/util/List;Ljava/lang/Comparable;)I @ 88 c2
Event: 262.851 Thread 0x000000eaede5b8c0 DEOPT PACKING pc=0x000000eadc6ff804 sp=0x000000eaef8fad40
Event: 262.851 Thread 0x000000eaede5b8c0 DEOPT UNPACKING pc=0x000000ead46fe129 sp=0x000000eaef8facc8 mode 2
Event: 262.851 Thread 0x000000eaede5b8c0 Uncommon trap: trap_request=0xffffffbe fr.pc=0x000000eadc6ff804 relative=0x00000000000006e4
Event: 262.851 Thread 0x000000eaede5b8c0 Uncommon trap: reason=profile_predicate action=maybe_recompile pc=0x000000eadc6ff804 method=org.gradle.internal.snapshot.SearchUtil.binarySearch(Ljava/util/List;Ljava/lang/Comparable;)I @ 88 c2
Event: 262.851 Thread 0x000000eaede5b8c0 DEOPT PACKING pc=0x000000eadc6ff804 sp=0x000000eaef8fab20
Event: 262.851 Thread 0x000000eaede5b8c0 DEOPT UNPACKING pc=0x000000ead46fe129 sp=0x000000eaef8faaa8 mode 2
Event: 262.856 Thread 0x000000eaedc91fe0 Uncommon trap: trap_request=0xffffffbe fr.pc=0x000000eadc6ff804 relative=0x00000000000006e4
Event: 262.856 Thread 0x000000eaedc91fe0 Uncommon trap: reason=profile_predicate action=maybe_recompile pc=0x000000eadc6ff804 method=org.gradle.internal.snapshot.SearchUtil.binarySearch(Ljava/util/List;Ljava/lang/Comparable;)I @ 88 c2
Event: 262.856 Thread 0x000000eaedc91fe0 DEOPT PACKING pc=0x000000eadc6ff804 sp=0x000000ea82bfdc50
Event: 262.856 Thread 0x000000eaedc91fe0 DEOPT UNPACKING pc=0x000000ead46fe129 sp=0x000000ea82bfdbd8 mode 2
Event: 262.860 Thread 0x000000eaedc91fe0 Uncommon trap: trap_request=0xffffffbe fr.pc=0x000000eadc6ff804 relative=0x00000000000006e4
Event: 262.860 Thread 0x000000eaedc91fe0 Uncommon trap: reason=profile_predicate action=maybe_recompile pc=0x000000eadc6ff804 method=org.gradle.internal.snapshot.SearchUtil.binarySearch(Ljava/util/List;Ljava/lang/Comparable;)I @ 88 c2
Event: 262.860 Thread 0x000000eaedc91fe0 DEOPT PACKING pc=0x000000eadc6ff804 sp=0x000000ea82bfda30
Event: 262.860 Thread 0x000000eaedc91fe0 DEOPT UNPACKING pc=0x000000ead46fe129 sp=0x000000ea82bfd9b8 mode 2
Event: 262.879 Thread 0x000000eaedc91fe0 Uncommon trap: trap_request=0xffffff45 fr.pc=0x000000eadc52a9ec relative=0x0000000000000ecc
Event: 262.879 Thread 0x000000eaedc91fe0 Uncommon trap: reason=unstable_if action=reinterpret pc=0x000000eadc52a9ec method=com.google.common.collect.MapMakerInternalMap$Segment.put(Ljava/lang/Object;ILjava/lang/Object;Z)Ljava/lang/Object; @ 92 c2
Event: 262.879 Thread 0x000000eaedc91fe0 DEOPT PACKING pc=0x000000eadc52a9ec sp=0x000000ea82bfc110
Event: 262.879 Thread 0x000000eaedc91fe0 DEOPT UNPACKING pc=0x000000ead46fe129 sp=0x000000ea82bfc0a8 mode 2

Classes unloaded (20 events):
Event: 68.701 Thread 0x000000eaeab59d60 Unloading class 0x0000000800f5e3f8 '_BuildScript_$_run_closure1$_closure2'
Event: 68.701 Thread 0x000000eaeab59d60 Unloading class 0x0000000800f5e040 '_BuildScript_$_run_closure1'
Event: 68.701 Thread 0x000000eaeab59d60 Unloading class 0x0000000800f5e840 '_BuildScript_'
Event: 68.701 Thread 0x000000eaeab59d60 Unloading class 0x0000000800d89040 '_BuildScript_'
Event: 76.331 Thread 0x000000eaeab59d60 Unloading class 0x0000000801025bf8 '_BuildScript_$_run_closure4'
Event: 76.331 Thread 0x000000eaeab59d60 Unloading class 0x0000000801025840 '_BuildScript_$_run_closure3$_closure6'
Event: 76.331 Thread 0x000000eaeab59d60 Unloading class 0x00000008010263f8 '_BuildScript_$_run_closure3'
Event: 76.331 Thread 0x000000eaeab59d60 Unloading class 0x0000000801026040 '_BuildScript_$_run_closure2$_closure5'
Event: 76.331 Thread 0x000000eaeab59d60 Unloading class 0x0000000801026bf8 '_BuildScript_$_run_closure2'
Event: 76.331 Thread 0x000000eaeab59d60 Unloading class 0x0000000801026840 '_BuildScript_$_run_closure1'
Event: 76.331 Thread 0x000000eaeab59d60 Unloading class 0x0000000801027040 '_BuildScript_'
Event: 80.962 Thread 0x000000eaeab59d60 Unloading class 0x0000000801070040 '_BuildScript_$_run_closure1'
Event: 80.962 Thread 0x000000eaeab59d60 Unloading class 0x0000000800d89040 '_BuildScript_'
Event: 109.361 Thread 0x000000eaeab59d60 Unloading class 0x00000008012293f8 '_BuildScript_$_run_closure2'
Event: 109.361 Thread 0x000000eaeab59d60 Unloading class 0x0000000801229040 '_BuildScript_$_run_closure1$_closure5'
Event: 109.361 Thread 0x000000eaeab59d60 Unloading class 0x0000000801228bf8 '_BuildScript_$_run_closure1$_closure4$_closure6'
Event: 109.361 Thread 0x000000eaeab59d60 Unloading class 0x0000000801228840 '_BuildScript_$_run_closure1$_closure4'
Event: 109.361 Thread 0x000000eaeab59d60 Unloading class 0x00000008012283f8 '_BuildScript_$_run_closure1$_closure3'
Event: 109.361 Thread 0x000000eaeab59d60 Unloading class 0x0000000801228040 '_BuildScript_$_run_closure1'
Event: 109.361 Thread 0x000000eaeab59d60 Unloading class 0x000000080113c040 '_BuildScript_'

Classes redefined (0 events):
No events

Internal exceptions (20 events):
Event: 202.925 Thread 0x000000eaede5b8c0 Exception <a 'sun/nio/fs/WindowsException'{0x00000000871aa5d8}> (0x00000000871aa5d8) 
thrown [./open/src/hotspot/share/prims/jni.cpp, line 578]
Event: 202.941 Thread 0x000000eaede5b8c0 Exception <a 'sun/nio/fs/WindowsException'{0x00000000871e5720}> (0x00000000871e5720) 
thrown [./open/src/hotspot/share/prims/jni.cpp, line 578]
Event: 203.005 Thread 0x000000eaede5b8c0 Exception <a 'sun/nio/fs/WindowsException'{0x00000000871f4a40}> (0x00000000871f4a40) 
thrown [./open/src/hotspot/share/prims/jni.cpp, line 578]
Event: 203.006 Thread 0x000000eaede5b8c0 Exception <a 'sun/nio/fs/WindowsException'{0x00000000871f5e60}> (0x00000000871f5e60) 
thrown [./open/src/hotspot/share/prims/jni.cpp, line 578]
Event: 203.011 Thread 0x000000eaede5b8c0 Exception <a 'sun/nio/fs/WindowsException'{0x00000000871fab98}> (0x00000000871fab98) 
thrown [./open/src/hotspot/share/prims/jni.cpp, line 578]
Event: 203.086 Thread 0x000000eaede5b8c0 Exception <a 'sun/nio/fs/WindowsException'{0x0000000087033c20}> (0x0000000087033c20) 
thrown [./open/src/hotspot/share/prims/jni.cpp, line 578]
Event: 203.087 Thread 0x000000eaede5b8c0 Exception <a 'sun/nio/fs/WindowsException'{0x0000000087035020}> (0x0000000087035020) 
thrown [./open/src/hotspot/share/prims/jni.cpp, line 578]
Event: 203.153 Thread 0x000000eaede5b8c0 Exception <a 'sun/nio/fs/WindowsException'{0x000000008708b6b0}> (0x000000008708b6b0) 
thrown [./open/src/hotspot/share/prims/jni.cpp, line 578]
Event: 203.153 Thread 0x000000eaede5b8c0 Exception <a 'sun/nio/fs/WindowsException'{0x000000008708ba40}> (0x000000008708ba40) 
thrown [./open/src/hotspot/share/prims/jni.cpp, line 578]
Event: 203.153 Thread 0x000000eaede5b8c0 Exception <a 'sun/nio/fs/WindowsException'{0x000000008708be50}> (0x000000008708be50) 
thrown [./open/src/hotspot/share/prims/jni.cpp, line 578]
Event: 206.462 Thread 0x000000eaede5b8c0 Implicit null exception at 0x000000eadc1a32f4 to 0x000000eadc1a37dc
Event: 206.467 Thread 0x000000eaede5b8c0 Implicit null exception at 0x000000eadc21f8f4 to 0x000000eadc21fe58
Event: 210.873 Thread 0x000000eaede5b8c0 Exception <a 'java/lang/NoClassDefFoundError'{0x000000008895dc08}: org/apache/xbean/asm/ClassVisitor> (0x000000008895dc08) 
thrown [./open/src/hotspot/share/classfile/systemDictionary.cpp, line 284]
Event: 210.902 Thread 0x000000eaede5b8c0 Exception <a 'java/lang/NoClassDefFoundError'{0x0000000088977870}: org/objectweb/asm/commons/EmptyVisitor> (0x0000000088977870) 
thrown [./open/src/hotspot/share/classfile/systemDictionary.cpp, line 284]
Event: 211.842 Thread 0x000000eaede5b8c0 Exception <a 'sun/nio/fs/WindowsException'{0x000000008824b4a8}> (0x000000008824b4a8) 
thrown [./open/src/hotspot/share/prims/jni.cpp, line 578]
Event: 211.993 Thread 0x000000eaede5b8c0 Exception <a 'sun/nio/fs/WindowsException'{0x00000000882ed320}> (0x00000000882ed320) 
thrown [./open/src/hotspot/share/prims/jni.cpp, line 578]
Event: 259.309 Thread 0x000000eaede5b8c0 Exception <a 'sun/nio/fs/WindowsException'{0x0000000088477ed0}> (0x0000000088477ed0) 
thrown [./open/src/hotspot/share/prims/jni.cpp, line 578]
Event: 260.796 Thread 0x000000eaede5b8c0 Exception <a 'java/lang/reflect/InvocationTargetException'{0x0000000087fca6e0}> (0x0000000087fca6e0) 
thrown [./open/src/hotspot/share/runtime/reflection.cpp, line 1157]
Event: 260.797 Thread 0x000000eaede5b8c0 Exception <a 'java/lang/reflect/InvocationTargetException'{0x0000000087fcdf08}> (0x0000000087fcdf08) 
thrown [./open/src/hotspot/share/runtime/reflection.cpp, line 1157]
Event: 261.477 Thread 0x000000eaede5b8c0 Implicit null exception at 0x000000eadc70a760 to 0x000000eadc70b2f8

Events (20 events):
Event: 259.136 Thread 0x000000eaedac4880 Thread added: 0x000000eaedac4880
Event: 259.139 Thread 0x000000eaedabf1e0 Thread added: 0x000000eaedabf1e0
Event: 259.143 Thread 0x000000eaedabfb80 Thread added: 0x000000eaedabfb80
Event: 259.146 Thread 0x000000eaedc96ce0 Thread added: 0x000000eaedc96ce0
Event: 259.148 Thread 0x000000eaedc93cc0 Thread added: 0x000000eaedc93cc0
Event: 259.150 Thread 0x000000eaedc937f0 Thread added: 0x000000eaedc937f0
Event: 259.153 Thread 0x000000eaedc96340 Thread added: 0x000000eaedc96340
Event: 259.155 Thread 0x000000eaedc92e50 Thread added: 0x000000eaedc92e50
Event: 259.162 Thread 0x000000eaedc93320 Thread added: 0x000000eaedc93320
Event: 259.316 Thread 0x000000eaedc91b10 Thread added: 0x000000eaedc91b10
Event: 259.347 Thread 0x000000eaedc94190 Thread added: 0x000000eaedc94190
Event: 260.217 Executing VM operation: HandshakeAllThreads
Event: 260.217 Executing VM operation: HandshakeAllThreads done
Event: 262.145 Executing VM operation: ICBufferFull
Event: 262.146 Executing VM operation: ICBufferFull done
Event: 262.318 Executing VM operation: ICBufferFull
Event: 262.319 Executing VM operation: ICBufferFull done
Event: 262.745 Thread 0x000000eaedc97680 Thread added: 0x000000eaedc97680
Event: 262.845 Thread 0x000000eaedc91fe0 Thread added: 0x000000eaedc91fe0
Event: 263.015 Executing VM operation: G1CollectForAllocation


Dynamic libraries:
0x000007f76d7e0000 - 0x000007f76d7ef000 	C:\Program Files\Java\jdk-15.0.1\bin\java.exe
0x000007fff4de0000 - 0x000007fff4f9d000 	C:\Windows\SYSTEM32\ntdll.dll
0x000007fff3820000 - 0x000007fff3957000 	C:\Windows\system32\KERNEL32.DLL
0x000007fff2130000 - 0x000007fff2224000 	C:\Windows\system32\KERNELBASE.dll
0x000007ffea240000 - 0x000007ffea258000 	C:\Program Files\Java\jdk-15.0.1\bin\jli.dll
0x000007ffe98c0000 - 0x000007ffe98d9000 	C:\Program Files\Java\jdk-15.0.1\bin\VCRUNTIME140.dll
0x000007ffe9890000 - 0x000007ffe9894000 	C:\Program Files\Java\jdk-15.0.1\bin\api-ms-win-crt-stdio-l1-1-0.dll
0x000007ffe9880000 - 0x000007ffe9884000 	C:\Program Files\Java\jdk-15.0.1\bin\api-ms-win-crt-runtime-l1-1-0.dll
0x000007ffe9810000 - 0x000007ffe9813000 	C:\Program Files\Java\jdk-15.0.1\bin\api-ms-win-crt-environment-l1-1-0.dll
0x000007ffe9480000 - 0x000007ffe9485000 	C:\Program Files\Java\jdk-15.0.1\bin\api-ms-win-crt-math-l1-1-0.dll
0x000007ffe9470000 - 0x000007ffe9473000 	C:\Program Files\Java\jdk-15.0.1\bin\api-ms-win-crt-locale-l1-1-0.dll
0x000007ffe9460000 - 0x000007ffe9463000 	C:\Program Files\Java\jdk-15.0.1\bin\api-ms-win-crt-heap-l1-1-0.dll
0x000007fff2230000 - 0x000007fff230e000 	C:\Windows\system32\ADVAPI32.dll
0x000007ffef6c0000 - 0x000007ffef92a000 	C:\Windows\WinSxS\amd64_microsoft.windows.common-controls_6595b64144ccf1df_6.0.9200.17359_none_4188b989718cf1c6\COMCTL32.dll
0x000007fff2820000 - 0x000007fff296c000 	C:\Windows\system32\USER32.dll
0x000007ffee9d0000 - 0x000007ffee9d9000 	C:\Windows\SYSTEM32\VERSION.dll
0x000007ffe9450000 - 0x000007ffe9453000 	C:\Program Files\Java\jdk-15.0.1\bin\api-ms-win-crt-filesystem-l1-1-0.dll
0x000007ffe9440000 - 0x000007ffe9444000 	C:\Program Files\Java\jdk-15.0.1\bin\api-ms-win-crt-string-l1-1-0.dll
0x000007ffe9430000 - 0x000007ffe9434000 	C:\Program Files\Java\jdk-15.0.1\bin\api-ms-win-crt-convert-l1-1-0.dll
0x000007fff2580000 - 0x000007fff2625000 	C:\Windows\system32\msvcrt.dll
0x000007fff2eb0000 - 0x000007fff2ef8000 	C:\Windows\SYSTEM32\sechost.dll
0x000007fff3650000 - 0x000007fff3795000 	C:\Windows\system32\RPCRT4.dll
0x000007fff34b0000 - 0x000007fff35f1000 	C:\Windows\system32\GDI32.dll
0x000007ffd6b20000 - 0x000007ffd6c1a000 	C:\Program Files\Java\jdk-15.0.1\bin\ucrtbase.DLL
0x000007fff3470000 - 0x000007fff34a9000 	C:\Windows\system32\IMM32.DLL
0x000007fff4c50000 - 0x000007fff4d66000 	C:\Windows\system32\MSCTF.dll
0x000007ffe9420000 - 0x000007ffe942c000 	C:\Program Files\Java\jdk-15.0.1\bin\vcruntime140_1.dll
0x000007ffd6a80000 - 0x000007ffd6b11000 	C:\Program Files\Java\jdk-15.0.1\bin\msvcp140.dll
0x000007ffe9350000 - 0x000007ffe9353000 	C:\Program Files\Java\jdk-15.0.1\bin\api-ms-win-crt-time-l1-1-0.dll
0x000007ffe9340000 - 0x000007ffe9343000 	C:\Program Files\Java\jdk-15.0.1\bin\api-ms-win-crt-utility-l1-1-0.dll
0x000007ffd5f20000 - 0x000007ffd6a7e000 	C:\Program Files\Java\jdk-15.0.1\bin\server\jvm.dll
0x000007ffee0a0000 - 0x000007ffee0a9000 	C:\Windows\SYSTEM32\WSOCK32.dll
0x000007ffeab20000 - 0x000007ffeab40000 	C:\Windows\SYSTEM32\WINMM.dll
0x000007fff4d70000 - 0x000007fff4d77000 	C:\Windows\system32\PSAPI.DLL
0x000007fff2f00000 - 0x000007fff2f58000 	C:\Windows\system32\WS2_32.dll
0x000007ffeaac0000 - 0x000007ffeaaf3000 	C:\Windows\SYSTEM32\WINMMBASE.dll
0x000007fff2be0000 - 0x000007fff2be9000 	C:\Windows\system32\NSI.dll
0x000007fff1e70000 - 0x000007fff1ebf000 	C:\Windows\SYSTEM32\cfgmgr32.dll
0x000007fff2100000 - 0x000007fff2122000 	C:\Windows\system32\DEVOBJ.dll
0x000007ffe9330000 - 0x000007ffe933a000 	C:\Program Files\Java\jdk-15.0.1\bin\jimage.dll
0x000007ffdba70000 - 0x000007ffdbbd3000 	C:\Windows\SYSTEM32\DBGHELP.DLL
0x000007ffe92c0000 - 0x000007ffe92e5000 	C:\Program Files\Java\jdk-15.0.1\bin\java.dll
0x000007fff3960000 - 0x000007fff4c45000 	C:\Windows\system32\SHELL32.dll
0x000007fff2980000 - 0x000007fff2b30000 	C:\Windows\SYSTEM32\combase.dll
0x000007fff3600000 - 0x000007fff3650000 	C:\Windows\system32\SHLWAPI.dll
0x000007fff0230000 - 0x000007fff02c6000 	C:\Windows\SYSTEM32\SHCORE.dll
0x000007fff1cf0000 - 0x000007fff1d05000 	C:\Windows\SYSTEM32\profapi.dll
0x000007ffe8ae0000 - 0x000007ffe8af9000 	C:\Program Files\Java\jdk-15.0.1\bin\net.dll
0x000007ffebf30000 - 0x000007ffebfe1000 	C:\Windows\SYSTEM32\WINHTTP.dll
0x000007fff1540000 - 0x000007fff159c000 	C:\Windows\system32\mswsock.dll
0x000007ffe8ac0000 - 0x000007ffe8ad2000 	C:\Program Files\Java\jdk-15.0.1\bin\nio.dll
0x000007ffe66d0000 - 0x000007ffe66e8000 	C:\Program Files\Java\jdk-15.0.1\bin\zip.dll
0x000007ffe8a10000 - 0x000007ffe8a20000 	C:\Program Files\Java\jdk-15.0.1\bin\verify.dll
0x000007ffda340000 - 0x000007ffda367000 	C:\Users\SAMUEL\.gradle\native\f6784746aeab05261644944871eae4fe03e0ef1612fff0a4a95f87b438bc6780\windows-amd64\native-platform.dll
0x000007ffe66c0000 - 0x000007ffe66c9000 	C:\Program Files\Java\jdk-15.0.1\bin\management.dll
0x000007ffe66b0000 - 0x000007ffe66bb000 	C:\Program Files\Java\jdk-15.0.1\bin\management_ext.dll
0x000007fff15a0000 - 0x000007fff15ba000 	C:\Windows\SYSTEM32\CRYPTSP.dll
0x000007fff1220000 - 0x000007fff126b000 	C:\Windows\system32\rsaenh.dll
0x000007fff1320000 - 0x000007fff133f000 	C:\Windows\SYSTEM32\USERENV.dll
0x000007fff1b30000 - 0x000007fff1b3a000 	C:\Windows\SYSTEM32\CRYPTBASE.dll
0x000007fff1ad0000 - 0x000007fff1b2d000 	C:\Windows\SYSTEM32\bcryptPrimitives.dll
0x000007ffeda00000 - 0x000007ffeda2a000 	C:\Windows\SYSTEM32\IPHLPAPI.DLL
0x000007ffed9d0000 - 0x000007ffed9da000 	C:\Windows\SYSTEM32\WINNSI.DLL
0x000007ffed080000 - 0x000007ffed093000 	C:\Windows\SYSTEM32\dhcpcsvc6.DLL
0x000007ffed530000 - 0x000007ffed548000 	C:\Windows\SYSTEM32\dhcpcsvc.DLL
0x000007ffecb60000 - 0x000007ffecb8e000 	C:\Windows\SYSTEM32\ntmarta.dll

dbghelp: loaded successfully - version: 4.0.5 - missing functions: none
symbol engine: initialized successfully - sym options: 0x614 - pdb path: .;C:\Program Files\Java\jdk-15.0.1\bin;C:\Windows\SYSTEM32;C:\Windows\WinSxS\amd64_microsoft.windows.common-controls_6595b64144ccf1df_6.0.9200.17359_none_4188b989718cf1c6;C:\Program Files\Java\jdk-15.0.1\bin\server;C:\Users\SAMUEL\.gradle\native\f6784746aeab05261644944871eae4fe03e0ef1612fff0a4a95f87b438bc6780\windows-amd64

VM Arguments:
jvm_args: --add-opens=java.base/java.util=ALL-UNNAMED --add-opens=java.base/java.lang=ALL-UNNAMED --add-opens=java.base/java.lang.invoke=ALL-UNNAMED --add-opens=java.prefs/java.util.prefs=ALL-UNNAMED -Xmx2048m -Dfile.encoding=UTF-8 -Duser.country=GB -Duser.language=en -Duser.variant 
java_command: org.gradle.launcher.daemon.bootstrap.GradleDaemon 6.5
java_class_path (initial): C:\Users\SAMUEL\.gradle\wrapper\dists\gradle-6.5-bin\6nifqtx7604sqp1q6g8wikw7p\gradle-6.5\lib\gradle-launcher-6.5.jar
Launcher Type: SUN_STANDARD

[Global flags]
     intx CICompilerCount                          = 2                                         {product} {ergonomic}
     uint ConcGCThreads                            = 1                                         {product} {ergonomic}
     uint G1ConcRefinementThreads                  = 2                                         {product} {ergonomic}
   size_t G1HeapRegionSize                         = 1048576                                   {product} {ergonomic}
    uintx GCDrainStackTargetSize                   = 64                                        {product} {ergonomic}
   size_t InitialHeapSize                          = 94371840                                  {product} {ergonomic}
   size_t MarkStackSize                            = 4194304                                   {product} {ergonomic}
   size_t MaxHeapSize                              = 2147483648                                {product} {command line}
   size_t MaxNewSize                               = 1287651328                                {product} {ergonomic}
   size_t MinHeapDeltaBytes                        = 1048576                                   {product} {ergonomic}
   size_t MinHeapSize                              = 8388608                                   {product} {ergonomic}
    uintx NonNMethodCodeHeapSize                   = 5826188                                {pd product} {ergonomic}
    uintx NonProfiledCodeHeapSize                  = 122916026                              {pd product} {ergonomic}
    uintx ProfiledCodeHeapSize                     = 122916026                              {pd product} {ergonomic}
    uintx ReservedCodeCacheSize                    = 251658240                              {pd product} {ergonomic}
     bool SegmentedCodeCache                       = true                                      {product} {ergonomic}
   size_t SoftMaxHeapSize                          = 2147483648                             {manageable} {ergonomic}
     bool UseCompressedClassPointers               = true                                 {lp64_product} {ergonomic}
     bool UseCompressedOops                        = true                                 {lp64_product} {ergonomic}
     bool UseG1GC                                  = true                                      {product} {ergonomic}
     bool UseLargePagesIndividualAllocation        = false                                  {pd product} {ergonomic}

Logging:
Log output configuration:
 #0: stdout all=warning uptime,level,tags
 #1: stderr all=off uptime,level,tags

Environment Variables:
CLASSPATH=C:\Users\SAMUEL\Documents\LokdonEncryptionModule\\gradle\wrapper\gradle-wrapper.jar
PATH=C:\Program Files\Common Files\Oracle\Java\javapath;C:\Program Files (x86)\Common Files\Oracle\Java\javapath;C:\Windows\system32;C:\Windows;C:\Windows\System32\Wbem;C:\Windows\System32\WindowsPowerShell\v1.0\;C:\Program Files\Java\jdk-14.0.1\bin;C:\Program Files\Git\cmd;C:\Program Files\Java\jre1.8.0_251\bin;C:\Program Files\Git\usr\bin;C:\python_files;C:\python_files\emsdk-master;C:\python_files\emsdk-master\upstream\emscripten;C:\Program Files\ImDisk;C:\Program Files\PuTTY\;C:\Program Files\MySQL\MySQL Shell 8.0\bin\
USERNAME=SAMUEL
OS=Windows_NT
PROCESSOR_IDENTIFIER=AMD64 Family 20 Model 2 Stepping 0, AuthenticAMD



---------------  S Y S T E M  ---------------

OS:
 Windows 8 , 64 bit Build 9200 (6.2.9200.16859)
OS uptime: 0 days 2:01 hours

CPU: total 2 (initial active 2) (2 cores per cpu, 1 threads per core) family 20 model 2 stepping 0 microcode 0x5000119, cmov, cx8, fxsr, mmx, sse, sse2, sse3, ssse3, popcnt, lzcnt, sse4a, tsc, tscinvbit, tscinv, clflush

Memory: 4k page, system-wide physical 5738M (907M free)
TotalPageFile size 11626M (AvailPageFile size 5175M)
current process WorkingSet (physical memory assigned to process): 404M, peak: 405M
current process commit charge ("private bytes"): 439M, peak: 441M

vm_info: Java HotSpot(TM) 64-Bit Server VM (15.0.1+9-18) for windows-amd64 JRE (15.0.1+9-18), built on Sep 15 2020 14:43:54 by "mach5one" with unknown MS VC++:1925

END.
